{"C:\\Users\\cbo\\source\\repos\\speechtotext\\speechtotext\\wwwroot\\js\\transcription-jobs.js": {"path":"C:\\Users\\cbo\\source\\repos\\speechtotext\\speechtotext\\wwwroot\\js\\transcription-jobs.js","statementMap":{"0":{"start":{"line":3,"column":15},"end":{"line":3,"column":17}},"1":{"start":{"line":10,"column":20},"end":{"line":10,"column":55}},"2":{"start":{"line":11,"column":4},"end":{"line":14,"column":5}},"3":{"start":{"line":12,"column":8},"end":{"line":12,"column":75}},"4":{"start":{"line":13,"column":8},"end":{"line":13,"column":15}},"5":{"start":{"line":17,"column":23},"end":{"line":17,"column":64}},"6":{"start":{"line":18,"column":4},"end":{"line":20,"column":5}},"7":{"start":{"line":19,"column":8},"end":{"line":19,"column":68}},"8":{"start":{"line":23,"column":4},"end":{"line":27,"column":7}},"9":{"start":{"line":24,"column":8},"end":{"line":26,"column":9}},"10":{"start":{"line":25,"column":12},"end":{"line":25,"column":36}},"11":{"start":{"line":34,"column":27},"end":{"line":34,"column":72}},"12":{"start":{"line":35,"column":25},"end":{"line":35,"column":68}},"13":{"start":{"line":36,"column":25},"end":{"line":36,"column":68}},"14":{"start":{"line":37,"column":21},"end":{"line":37,"column":56}},"15":{"start":{"line":38,"column":23},"end":{"line":38,"column":64}},"16":{"start":{"line":41,"column":4},"end":{"line":41,"column":66}},"17":{"start":{"line":41,"column":24},"end":{"line":41,"column":66}},"18":{"start":{"line":42,"column":4},"end":{"line":42,"column":59}},"19":{"start":{"line":42,"column":22},"end":{"line":42,"column":59}},"20":{"start":{"line":43,"column":4},"end":{"line":43,"column":59}},"21":{"start":{"line":43,"column":22},"end":{"line":43,"column":59}},"22":{"start":{"line":44,"column":4},"end":{"line":44,"column":42}},"23":{"start":{"line":44,"column":18},"end":{"line":44,"column":42}},"24":{"start":{"line":45,"column":4},"end":{"line":49,"column":5}},"25":{"start":{"line":46,"column":8},"end":{"line":46,"column":35}},"26":{"start":{"line":47,"column":21},"end":{"line":47,"column":50}},"27":{"start":{"line":48,"column":8},"end":{"line":48,"column":45}},"28":{"start":{"line":48,"column":18},"end":{"line":48,"column":45}},"29":{"start":{"line":51,"column":4},"end":{"line":108,"column":5}},"30":{"start":{"line":52,"column":25},"end":{"line":57,"column":10}},"31":{"start":{"line":59,"column":21},"end":{"line":59,"column":42}},"32":{"start":{"line":61,"column":8},"end":{"line":89,"column":9}},"33":{"start":{"line":62,"column":12},"end":{"line":62,"column":33}},"34":{"start":{"line":65,"column":34},"end":{"line":71,"column":13}},"35":{"start":{"line":66,"column":16},"end":{"line":70,"column":17}},"36":{"start":{"line":73,"column":12},"end":{"line":75,"column":13}},"37":{"start":{"line":74,"column":16},"end":{"line":74,"column":126}},"38":{"start":{"line":77,"column":12},"end":{"line":77,"column":48}},"39":{"start":{"line":79,"column":31},"end":{"line":79,"column":82}},"40":{"start":{"line":82,"column":12},"end":{"line":86,"column":13}},"41":{"start":{"line":84,"column":16},"end":{"line":85,"column":88}},"42":{"start":{"line":88,"column":12},"end":{"line":88,"column":40}},"43":{"start":{"line":91,"column":8},"end":{"line":91,"column":66}},"44":{"start":{"line":92,"column":27},"end":{"line":92,"column":79}},"45":{"start":{"line":95,"column":8},"end":{"line":97,"column":9}},"46":{"start":{"line":96,"column":12},"end":{"line":96,"column":71}},"47":{"start":{"line":99,"column":8},"end":{"line":99,"column":36}},"48":{"start":{"line":102,"column":8},"end":{"line":102,"column":67}},"49":{"start":{"line":102,"column":28},"end":{"line":102,"column":67}},"50":{"start":{"line":103,"column":8},"end":{"line":107,"column":9}},"51":{"start":{"line":104,"column":12},"end":{"line":104,"column":40}},"52":{"start":{"line":105,"column":25},"end":{"line":105,"column":54}},"53":{"start":{"line":106,"column":12},"end":{"line":106,"column":52}},"54":{"start":{"line":106,"column":22},"end":{"line":106,"column":52}},"55":{"start":{"line":115,"column":21},"end":{"line":115,"column":56}},"56":{"start":{"line":116,"column":25},"end":{"line":116,"column":68}},"57":{"start":{"line":118,"column":4},"end":{"line":121,"column":5}},"58":{"start":{"line":119,"column":8},"end":{"line":119,"column":66}},"59":{"start":{"line":119,"column":26},"end":{"line":119,"column":66}},"60":{"start":{"line":120,"column":8},"end":{"line":120,"column":15}},"61":{"start":{"line":123,"column":4},"end":{"line":123,"column":59}},"62":{"start":{"line":123,"column":22},"end":{"line":123,"column":59}},"63":{"start":{"line":124,"column":4},"end":{"line":124,"column":26}},"64":{"start":{"line":124,"column":19},"end":{"line":124,"column":26}},"65":{"start":{"line":126,"column":4},"end":{"line":126,"column":28}},"66":{"start":{"line":128,"column":4},"end":{"line":131,"column":7}},"67":{"start":{"line":129,"column":24},"end":{"line":129,"column":46}},"68":{"start":{"line":130,"column":8},"end":{"line":130,"column":38}},"69":{"start":{"line":138,"column":21},"end":{"line":138,"column":50}},"70":{"start":{"line":139,"column":4},"end":{"line":139,"column":43}},"71":{"start":{"line":140,"column":4},"end":{"line":140,"column":49}},"72":{"start":{"line":142,"column":24},"end":{"line":142,"column":50}},"73":{"start":{"line":143,"column":23},"end":{"line":143,"column":48}},"74":{"start":{"line":145,"column":24},"end":{"line":145,"column":70}},"75":{"start":{"line":146,"column":27},"end":{"line":146,"column":109}},"76":{"start":{"line":148,"column":20},"end":{"line":148,"column":22}},"77":{"start":{"line":149,"column":4},"end":{"line":158,"column":5}},"78":{"start":{"line":150,"column":8},"end":{"line":157,"column":10}},"79":{"start":{"line":154,"column":44},"end":{"line":154,"column":74}},"80":{"start":{"line":160,"column":20},"end":{"line":160,"column":22}},"81":{"start":{"line":161,"column":4},"end":{"line":167,"column":5}},"82":{"start":{"line":162,"column":8},"end":{"line":166,"column":10}},"83":{"start":{"line":169,"column":22},"end":{"line":169,"column":68}},"84":{"start":{"line":170,"column":27},"end":{"line":170,"column":53}},"85":{"start":{"line":172,"column":4},"end":{"line":201,"column":6}},"86":{"start":{"line":204,"column":27},"end":{"line":204,"column":70}},"87":{"start":{"line":205,"column":4},"end":{"line":207,"column":5}},"88":{"start":{"line":206,"column":8},"end":{"line":206,"column":111}},"89":{"start":{"line":206,"column":55},"end":{"line":206,"column":109}},"90":{"start":{"line":210,"column":22},"end":{"line":210,"column":63}},"91":{"start":{"line":211,"column":4},"end":{"line":213,"column":5}},"92":{"start":{"line":212,"column":8},"end":{"line":212,"column":82}},"93":{"start":{"line":212,"column":50},"end":{"line":212,"column":80}},"94":{"start":{"line":215,"column":4},"end":{"line":215,"column":20}},"95":{"start":{"line":222,"column":24},"end":{"line":222,"column":44}},"96":{"start":{"line":223,"column":21},"end":{"line":223,"column":35}},"97":{"start":{"line":225,"column":4},"end":{"line":238,"column":5}},"98":{"start":{"line":227,"column":12},"end":{"line":227,"column":38}},"99":{"start":{"line":228,"column":12},"end":{"line":228,"column":18}},"100":{"start":{"line":230,"column":12},"end":{"line":230,"column":38}},"101":{"start":{"line":231,"column":12},"end":{"line":231,"column":18}},"102":{"start":{"line":233,"column":12},"end":{"line":233,"column":37}},"103":{"start":{"line":234,"column":12},"end":{"line":234,"column":18}},"104":{"start":{"line":236,"column":12},"end":{"line":236,"column":48}},"105":{"start":{"line":237,"column":12},"end":{"line":237,"column":18}},"106":{"start":{"line":240,"column":4},"end":{"line":240,"column":81}},"107":{"start":{"line":247,"column":24},"end":{"line":247,"column":44}},"108":{"start":{"line":248,"column":20},"end":{"line":248,"column":40}},"109":{"start":{"line":249,"column":20},"end":{"line":249,"column":29}},"110":{"start":{"line":251,"column":4},"end":{"line":268,"column":5}},"111":{"start":{"line":253,"column":12},"end":{"line":253,"column":47}},"112":{"start":{"line":254,"column":12},"end":{"line":254,"column":34}},"113":{"start":{"line":255,"column":12},"end":{"line":255,"column":18}},"114":{"start":{"line":257,"column":12},"end":{"line":257,"column":42}},"115":{"start":{"line":258,"column":12},"end":{"line":258,"column":34}},"116":{"start":{"line":259,"column":12},"end":{"line":259,"column":18}},"117":{"start":{"line":261,"column":12},"end":{"line":261,"column":43}},"118":{"start":{"line":262,"column":12},"end":{"line":262,"column":34}},"119":{"start":{"line":263,"column":12},"end":{"line":263,"column":18}},"120":{"start":{"line":265,"column":12},"end":{"line":265,"column":45}},"121":{"start":{"line":266,"column":12},"end":{"line":266,"column":34}},"122":{"start":{"line":267,"column":12},"end":{"line":267,"column":18}},"123":{"start":{"line":270,"column":4},"end":{"line":270,"column":93}},"124":{"start":{"line":277,"column":4},"end":{"line":279,"column":5}},"125":{"start":{"line":278,"column":8},"end":{"line":278,"column":15}},"126":{"start":{"line":281,"column":20},"end":{"line":281,"column":70}},"127":{"start":{"line":282,"column":22},"end":{"line":282,"column":63}},"128":{"start":{"line":284,"column":4},"end":{"line":287,"column":5}},"129":{"start":{"line":285,"column":8},"end":{"line":285,"column":34}},"130":{"start":{"line":286,"column":8},"end":{"line":286,"column":114}},"131":{"start":{"line":289,"column":4},"end":{"line":327,"column":5}},"132":{"start":{"line":290,"column":25},"end":{"line":296,"column":10}},"133":{"start":{"line":298,"column":21},"end":{"line":298,"column":42}},"134":{"start":{"line":300,"column":8},"end":{"line":319,"column":9}},"135":{"start":{"line":301,"column":12},"end":{"line":301,"column":62}},"136":{"start":{"line":303,"column":12},"end":{"line":305,"column":13}},"137":{"start":{"line":304,"column":16},"end":{"line":304,"column":33}},"138":{"start":{"line":307,"column":12},"end":{"line":307,"column":60}},"139":{"start":{"line":307,"column":44},"end":{"line":307,"column":58}},"140":{"start":{"line":309,"column":12},"end":{"line":312,"column":13}},"141":{"start":{"line":310,"column":37},"end":{"line":310,"column":80}},"142":{"start":{"line":311,"column":16},"end":{"line":311,"column":74}},"143":{"start":{"line":311,"column":34},"end":{"line":311,"column":74}},"144":{"start":{"line":314,"column":12},"end":{"line":314,"column":72}},"145":{"start":{"line":315,"column":12},"end":{"line":318,"column":13}},"146":{"start":{"line":316,"column":16},"end":{"line":316,"column":43}},"147":{"start":{"line":317,"column":16},"end":{"line":317,"column":78}},"148":{"start":{"line":321,"column":8},"end":{"line":321,"column":67}},"149":{"start":{"line":322,"column":8},"end":{"line":322,"column":73}},"150":{"start":{"line":323,"column":8},"end":{"line":326,"column":9}},"151":{"start":{"line":324,"column":12},"end":{"line":324,"column":39}},"152":{"start":{"line":325,"column":12},"end":{"line":325,"column":74}},"153":{"start":{"line":334,"column":25},"end":{"line":334,"column":68}},"154":{"start":{"line":335,"column":25},"end":{"line":335,"column":68}},"155":{"start":{"line":337,"column":4},"end":{"line":340,"column":5}},"156":{"start":{"line":338,"column":8},"end":{"line":338,"column":43}},"157":{"start":{"line":339,"column":8},"end":{"line":339,"column":48}},"158":{"start":{"line":348,"column":4},"end":{"line":353,"column":5}},"159":{"start":{"line":349,"column":8},"end":{"line":349,"column":40}},"160":{"start":{"line":352,"column":8},"end":{"line":352,"column":23}},"161":{"start":{"line":360,"column":16},"end":{"line":366,"column":5}},"162":{"start":{"line":367,"column":4},"end":{"line":367,"column":49}},"163":{"start":{"line":367,"column":41},"end":{"line":367,"column":47}},"164":{"start":{"line":374,"column":4},"end":{"line":374,"column":92}},"165":{"start":{"line":377,"column":29},"end":{"line":377,"column":73}},"166":{"start":{"line":378,"column":27},"end":{"line":378,"column":69}},"167":{"start":{"line":380,"column":4},"end":{"line":385,"column":5}},"168":{"start":{"line":381,"column":8},"end":{"line":381,"column":52}},"169":{"start":{"line":382,"column":8},"end":{"line":384,"column":49}},"170":{"start":{"line":387,"column":4},"end":{"line":389,"column":5}},"171":{"start":{"line":388,"column":8},"end":{"line":388,"column":47}},"172":{"start":{"line":391,"column":4},"end":{"line":448,"column":5}},"173":{"start":{"line":393,"column":18},"end":{"line":393,"column":89}},"174":{"start":{"line":394,"column":8},"end":{"line":396,"column":9}},"175":{"start":{"line":395,"column":12},"end":{"line":395,"column":45}},"176":{"start":{"line":398,"column":25},"end":{"line":403,"column":10}},"177":{"start":{"line":405,"column":21},"end":{"line":405,"column":42}},"178":{"start":{"line":407,"column":8},"end":{"line":440,"column":9}},"179":{"start":{"line":408,"column":12},"end":{"line":408,"column":110}},"180":{"start":{"line":411,"column":12},"end":{"line":414,"column":13}},"181":{"start":{"line":412,"column":16},"end":{"line":412,"column":61}},"182":{"start":{"line":413,"column":16},"end":{"line":413,"column":23}},"183":{"start":{"line":417,"column":12},"end":{"line":423,"column":13}},"184":{"start":{"line":418,"column":16},"end":{"line":418,"column":57}},"185":{"start":{"line":420,"column":16},"end":{"line":420,"column":80}},"186":{"start":{"line":421,"column":16},"end":{"line":421,"column":105}},"187":{"start":{"line":422,"column":16},"end":{"line":422,"column":23}},"188":{"start":{"line":426,"column":31},"end":{"line":426,"column":69}},"189":{"start":{"line":427,"column":12},"end":{"line":430,"column":13}},"190":{"start":{"line":428,"column":28},"end":{"line":428,"column":57}},"191":{"start":{"line":429,"column":16},"end":{"line":429,"column":27}},"192":{"start":{"line":433,"column":32},"end":{"line":435,"column":25}},"193":{"start":{"line":436,"column":12},"end":{"line":436,"column":86}},"194":{"start":{"line":438,"column":12},"end":{"line":438,"column":73}},"195":{"start":{"line":439,"column":12},"end":{"line":439,"column":88}},"196":{"start":{"line":442,"column":8},"end":{"line":442,"column":75}},"197":{"start":{"line":443,"column":8},"end":{"line":443,"column":108}},"198":{"start":{"line":445,"column":8},"end":{"line":447,"column":9}},"199":{"start":{"line":446,"column":12},"end":{"line":446,"column":53}},"200":{"start":{"line":456,"column":20},"end":{"line":493,"column":5}},"201":{"start":{"line":496,"column":26},"end":{"line":496,"column":71}},"202":{"start":{"line":497,"column":4},"end":{"line":499,"column":5}},"203":{"start":{"line":498,"column":8},"end":{"line":498,"column":31}},"204":{"start":{"line":502,"column":4},"end":{"line":502,"column":61}},"205":{"start":{"line":504,"column":18},"end":{"line":504,"column":84}},"206":{"start":{"line":505,"column":30},"end":{"line":505,"column":74}},"207":{"start":{"line":506,"column":23},"end":{"line":506,"column":65}},"208":{"start":{"line":509,"column":4},"end":{"line":536,"column":7}},"209":{"start":{"line":510,"column":24},"end":{"line":510,"column":56}},"210":{"start":{"line":511,"column":8},"end":{"line":511,"column":32}},"211":{"start":{"line":512,"column":8},"end":{"line":512,"column":118}},"212":{"start":{"line":514,"column":29},"end":{"line":514,"column":69}},"213":{"start":{"line":515,"column":25},"end":{"line":515,"column":61}},"214":{"start":{"line":517,"column":8},"end":{"line":528,"column":10}},"215":{"start":{"line":530,"column":8},"end":{"line":533,"column":10}},"216":{"start":{"line":531,"column":12},"end":{"line":531,"column":25}},"217":{"start":{"line":532,"column":12},"end":{"line":532,"column":65}},"218":{"start":{"line":535,"column":8},"end":{"line":535,"column":47}},"219":{"start":{"line":539,"column":4},"end":{"line":553,"column":6}},"220":{"start":{"line":540,"column":8},"end":{"line":540,"column":21}},"221":{"start":{"line":542,"column":8},"end":{"line":544,"column":9}},"222":{"start":{"line":543,"column":12},"end":{"line":543,"column":53}},"223":{"start":{"line":546,"column":27},"end":{"line":546,"column":65}},"224":{"start":{"line":547,"column":8},"end":{"line":550,"column":9}},"225":{"start":{"line":548,"column":24},"end":{"line":548,"column":53}},"226":{"start":{"line":549,"column":12},"end":{"line":549,"column":23}},"227":{"start":{"line":552,"column":8},"end":{"line":552,"column":134}},"228":{"start":{"line":556,"column":4},"end":{"line":558,"column":7}},"229":{"start":{"line":557,"column":8},"end":{"line":557,"column":22}},"230":{"start":{"line":560,"column":4},"end":{"line":560,"column":17}},"231":{"start":{"line":564,"column":0},"end":{"line":578,"column":1}},"232":{"start":{"line":565,"column":4},"end":{"line":577,"column":6}}},"fnMap":{"0":{"name":"initializeJobsTab","decl":{"start":{"line":8,"column":9},"end":{"line":8,"column":26}},"loc":{"start":{"line":8,"column":29},"end":{"line":28,"column":1}},"line":8},"1":{"name":"(anonymous_1)","decl":{"start":{"line":23,"column":45},"end":{"line":23,"column":46}},"loc":{"start":{"line":23,"column":56},"end":{"line":27,"column":5}},"line":23},"2":{"name":"loadTranscriptionJobs","decl":{"start":{"line":33,"column":15},"end":{"line":33,"column":36}},"loc":{"start":{"line":33,"column":39},"end":{"line":109,"column":1}},"line":33},"3":{"name":"(anonymous_3)","decl":{"start":{"line":65,"column":49},"end":{"line":65,"column":50}},"loc":{"start":{"line":66,"column":16},"end":{"line":70,"column":17}},"line":66},"4":{"name":"displayTranscriptionJobs","decl":{"start":{"line":114,"column":9},"end":{"line":114,"column":33}},"loc":{"start":{"line":114,"column":40},"end":{"line":132,"column":1}},"line":114},"5":{"name":"(anonymous_5)","decl":{"start":{"line":128,"column":17},"end":{"line":128,"column":18}},"loc":{"start":{"line":128,"column":24},"end":{"line":131,"column":5}},"line":128},"6":{"name":"createJobListItem","decl":{"start":{"line":137,"column":9},"end":{"line":137,"column":26}},"loc":{"start":{"line":137,"column":32},"end":{"line":216,"column":1}},"line":137},"7":{"name":"(anonymous_7)","decl":{"start":{"line":154,"column":36},"end":{"line":154,"column":37}},"loc":{"start":{"line":154,"column":44},"end":{"line":154,"column":74}},"line":154},"8":{"name":"(anonymous_8)","decl":{"start":{"line":206,"column":49},"end":{"line":206,"column":50}},"loc":{"start":{"line":206,"column":55},"end":{"line":206,"column":109}},"line":206},"9":{"name":"(anonymous_9)","decl":{"start":{"line":212,"column":44},"end":{"line":212,"column":45}},"loc":{"start":{"line":212,"column":50},"end":{"line":212,"column":80}},"line":212},"10":{"name":"getStatusBadge","decl":{"start":{"line":221,"column":9},"end":{"line":221,"column":23}},"loc":{"start":{"line":221,"column":32},"end":{"line":241,"column":1}},"line":221},"11":{"name":"getStatusIcon","decl":{"start":{"line":246,"column":9},"end":{"line":246,"column":22}},"loc":{"start":{"line":246,"column":31},"end":{"line":271,"column":1}},"line":246},"12":{"name":"cancelTranscriptionJob","decl":{"start":{"line":276,"column":15},"end":{"line":276,"column":37}},"loc":{"start":{"line":276,"column":45},"end":{"line":328,"column":1}},"line":276},"13":{"name":"(anonymous_13)","decl":{"start":{"line":307,"column":39},"end":{"line":307,"column":40}},"loc":{"start":{"line":307,"column":44},"end":{"line":307,"column":58}},"line":307},"14":{"name":"showJobsError","decl":{"start":{"line":333,"column":9},"end":{"line":333,"column":22}},"loc":{"start":{"line":333,"column":32},"end":{"line":341,"column":1}},"line":333},"15":{"name":"showAlert","decl":{"start":{"line":346,"column":9},"end":{"line":346,"column":18}},"loc":{"start":{"line":346,"column":34},"end":{"line":354,"column":1}},"line":346},"16":{"name":"escapeHtml","decl":{"start":{"line":359,"column":9},"end":{"line":359,"column":19}},"loc":{"start":{"line":359,"column":26},"end":{"line":368,"column":1}},"line":359},"17":{"name":"(anonymous_17)","decl":{"start":{"line":367,"column":36},"end":{"line":367,"column":37}},"loc":{"start":{"line":367,"column":41},"end":{"line":367,"column":47}},"line":367},"18":{"name":"viewBatchTranscriptionResults","decl":{"start":{"line":373,"column":15},"end":{"line":373,"column":44}},"loc":{"start":{"line":373,"column":79},"end":{"line":449,"column":1}},"line":373},"19":{"name":"showFileSelectionModal","decl":{"start":{"line":454,"column":9},"end":{"line":454,"column":31}},"loc":{"start":{"line":454,"column":54},"end":{"line":561,"column":1}},"line":454},"20":{"name":"(anonymous_20)","decl":{"start":{"line":509,"column":29},"end":{"line":509,"column":30}},"loc":{"start":{"line":509,"column":46},"end":{"line":536,"column":5}},"line":509},"21":{"name":"(anonymous_21)","decl":{"start":{"line":530,"column":26},"end":{"line":530,"column":27}},"loc":{"start":{"line":530,"column":32},"end":{"line":533,"column":9}},"line":530},"22":{"name":"(anonymous_22)","decl":{"start":{"line":539,"column":25},"end":{"line":539,"column":26}},"loc":{"start":{"line":539,"column":31},"end":{"line":553,"column":5}},"line":539},"23":{"name":"(anonymous_23)","decl":{"start":{"line":556,"column":86},"end":{"line":556,"column":87}},"loc":{"start":{"line":556,"column":98},"end":{"line":558,"column":5}},"line":556}},"branchMap":{"0":{"loc":{"start":{"line":11,"column":4},"end":{"line":14,"column":5}},"type":"if","locations":[{"start":{"line":11,"column":4},"end":{"line":14,"column":5}},{"start":{},"end":{}}],"line":11},"1":{"loc":{"start":{"line":18,"column":4},"end":{"line":20,"column":5}},"type":"if","locations":[{"start":{"line":18,"column":4},"end":{"line":20,"column":5}},{"start":{},"end":{}}],"line":18},"2":{"loc":{"start":{"line":24,"column":8},"end":{"line":26,"column":9}},"type":"if","locations":[{"start":{"line":24,"column":8},"end":{"line":26,"column":9}},{"start":{},"end":{}}],"line":24},"3":{"loc":{"start":{"line":41,"column":4},"end":{"line":41,"column":66}},"type":"if","locations":[{"start":{"line":41,"column":4},"end":{"line":41,"column":66}},{"start":{},"end":{}}],"line":41},"4":{"loc":{"start":{"line":42,"column":4},"end":{"line":42,"column":59}},"type":"if","locations":[{"start":{"line":42,"column":4},"end":{"line":42,"column":59}},{"start":{},"end":{}}],"line":42},"5":{"loc":{"start":{"line":43,"column":4},"end":{"line":43,"column":59}},"type":"if","locations":[{"start":{"line":43,"column":4},"end":{"line":43,"column":59}},{"start":{},"end":{}}],"line":43},"6":{"loc":{"start":{"line":44,"column":4},"end":{"line":44,"column":42}},"type":"if","locations":[{"start":{"line":44,"column":4},"end":{"line":44,"column":42}},{"start":{},"end":{}}],"line":44},"7":{"loc":{"start":{"line":45,"column":4},"end":{"line":49,"column":5}},"type":"if","locations":[{"start":{"line":45,"column":4},"end":{"line":49,"column":5}},{"start":{},"end":{}}],"line":45},"8":{"loc":{"start":{"line":48,"column":8},"end":{"line":48,"column":45}},"type":"if","locations":[{"start":{"line":48,"column":8},"end":{"line":48,"column":45}},{"start":{},"end":{}}],"line":48},"9":{"loc":{"start":{"line":61,"column":8},"end":{"line":89,"column":9}},"type":"if","locations":[{"start":{"line":61,"column":8},"end":{"line":89,"column":9}},{"start":{"line":78,"column":15},"end":{"line":89,"column":9}}],"line":61},"10":{"loc":{"start":{"line":61,"column":12},"end":{"line":61,"column":37}},"type":"binary-expr","locations":[{"start":{"line":61,"column":12},"end":{"line":61,"column":24}},{"start":{"line":61,"column":28},"end":{"line":61,"column":37}}],"line":61},"11":{"loc":{"start":{"line":66,"column":16},"end":{"line":70,"column":17}},"type":"binary-expr","locations":[{"start":{"line":66,"column":16},"end":{"line":66,"column":25}},{"start":{"line":67,"column":20},"end":{"line":67,"column":70}},{"start":{"line":68,"column":20},"end":{"line":68,"column":69}},{"start":{"line":69,"column":20},"end":{"line":69,"column":70}}],"line":66},"12":{"loc":{"start":{"line":73,"column":12},"end":{"line":75,"column":13}},"type":"if","locations":[{"start":{"line":73,"column":12},"end":{"line":75,"column":13}},{"start":{},"end":{}}],"line":73},"13":{"loc":{"start":{"line":79,"column":31},"end":{"line":79,"column":82}},"type":"binary-expr","locations":[{"start":{"line":79,"column":31},"end":{"line":79,"column":43}},{"start":{"line":79,"column":47},"end":{"line":79,"column":82}}],"line":79},"14":{"loc":{"start":{"line":82,"column":12},"end":{"line":86,"column":13}},"type":"if","locations":[{"start":{"line":82,"column":12},"end":{"line":86,"column":13}},{"start":{},"end":{}}],"line":82},"15":{"loc":{"start":{"line":82,"column":16},"end":{"line":83,"column":69}},"type":"binary-expr","locations":[{"start":{"line":82,"column":16},"end":{"line":82,"column":69}},{"start":{"line":83,"column":16},"end":{"line":83,"column":69}}],"line":82},"16":{"loc":{"start":{"line":95,"column":8},"end":{"line":97,"column":9}},"type":"if","locations":[{"start":{"line":95,"column":8},"end":{"line":97,"column":9}},{"start":{},"end":{}}],"line":95},"17":{"loc":{"start":{"line":95,"column":12},"end":{"line":95,"column":73}},"type":"binary-expr","locations":[{"start":{"line":95,"column":12},"end":{"line":95,"column":38}},{"start":{"line":95,"column":42},"end":{"line":95,"column":73}}],"line":95},"18":{"loc":{"start":{"line":102,"column":8},"end":{"line":102,"column":67}},"type":"if","locations":[{"start":{"line":102,"column":8},"end":{"line":102,"column":67}},{"start":{},"end":{}}],"line":102},"19":{"loc":{"start":{"line":103,"column":8},"end":{"line":107,"column":9}},"type":"if","locations":[{"start":{"line":103,"column":8},"end":{"line":107,"column":9}},{"start":{},"end":{}}],"line":103},"20":{"loc":{"start":{"line":106,"column":12},"end":{"line":106,"column":52}},"type":"if","locations":[{"start":{"line":106,"column":12},"end":{"line":106,"column":52}},{"start":{},"end":{}}],"line":106},"21":{"loc":{"start":{"line":118,"column":4},"end":{"line":121,"column":5}},"type":"if","locations":[{"start":{"line":118,"column":4},"end":{"line":121,"column":5}},{"start":{},"end":{}}],"line":118},"22":{"loc":{"start":{"line":118,"column":8},"end":{"line":118,"column":34}},"type":"binary-expr","locations":[{"start":{"line":118,"column":8},"end":{"line":118,"column":13}},{"start":{"line":118,"column":17},"end":{"line":118,"column":34}}],"line":118},"23":{"loc":{"start":{"line":119,"column":8},"end":{"line":119,"column":66}},"type":"if","locations":[{"start":{"line":119,"column":8},"end":{"line":119,"column":66}},{"start":{},"end":{}}],"line":119},"24":{"loc":{"start":{"line":123,"column":4},"end":{"line":123,"column":59}},"type":"if","locations":[{"start":{"line":123,"column":4},"end":{"line":123,"column":59}},{"start":{},"end":{}}],"line":123},"25":{"loc":{"start":{"line":124,"column":4},"end":{"line":124,"column":26}},"type":"if","locations":[{"start":{"line":124,"column":4},"end":{"line":124,"column":26}},{"start":{},"end":{}}],"line":124},"26":{"loc":{"start":{"line":146,"column":27},"end":{"line":146,"column":109}},"type":"cond-expr","locations":[{"start":{"line":146,"column":52},"end":{"line":146,"column":101}},{"start":{"line":146,"column":104},"end":{"line":146,"column":109}}],"line":146},"27":{"loc":{"start":{"line":149,"column":4},"end":{"line":158,"column":5}},"type":"if","locations":[{"start":{"line":149,"column":4},"end":{"line":158,"column":5}},{"start":{},"end":{}}],"line":149},"28":{"loc":{"start":{"line":149,"column":8},"end":{"line":149,"column":41}},"type":"binary-expr","locations":[{"start":{"line":149,"column":8},"end":{"line":149,"column":17}},{"start":{"line":149,"column":21},"end":{"line":149,"column":41}}],"line":149},"29":{"loc":{"start":{"line":161,"column":4},"end":{"line":167,"column":5}},"type":"if","locations":[{"start":{"line":161,"column":4},"end":{"line":167,"column":5}},{"start":{},"end":{}}],"line":161},"30":{"loc":{"start":{"line":189,"column":18},"end":{"line":193,"column":22}},"type":"cond-expr","locations":[{"start":{"line":189,"column":35},"end":{"line":193,"column":17}},{"start":{"line":193,"column":20},"end":{"line":193,"column":22}}],"line":189},"31":{"loc":{"start":{"line":194,"column":18},"end":{"line":198,"column":22}},"type":"cond-expr","locations":[{"start":{"line":194,"column":30},"end":{"line":198,"column":17}},{"start":{"line":198,"column":20},"end":{"line":198,"column":22}}],"line":194},"32":{"loc":{"start":{"line":205,"column":4},"end":{"line":207,"column":5}},"type":"if","locations":[{"start":{"line":205,"column":4},"end":{"line":207,"column":5}},{"start":{},"end":{}}],"line":205},"33":{"loc":{"start":{"line":211,"column":4},"end":{"line":213,"column":5}},"type":"if","locations":[{"start":{"line":211,"column":4},"end":{"line":213,"column":5}},{"start":{},"end":{}}],"line":211},"34":{"loc":{"start":{"line":225,"column":4},"end":{"line":238,"column":5}},"type":"switch","locations":[{"start":{"line":226,"column":8},"end":{"line":228,"column":18}},{"start":{"line":229,"column":8},"end":{"line":231,"column":18}},{"start":{"line":232,"column":8},"end":{"line":234,"column":18}},{"start":{"line":235,"column":8},"end":{"line":237,"column":18}}],"line":225},"35":{"loc":{"start":{"line":251,"column":4},"end":{"line":268,"column":5}},"type":"switch","locations":[{"start":{"line":252,"column":8},"end":{"line":255,"column":18}},{"start":{"line":256,"column":8},"end":{"line":259,"column":18}},{"start":{"line":260,"column":8},"end":{"line":263,"column":18}},{"start":{"line":264,"column":8},"end":{"line":267,"column":18}}],"line":251},"36":{"loc":{"start":{"line":277,"column":4},"end":{"line":279,"column":5}},"type":"if","locations":[{"start":{"line":277,"column":4},"end":{"line":279,"column":5}},{"start":{},"end":{}}],"line":277},"37":{"loc":{"start":{"line":284,"column":4},"end":{"line":287,"column":5}},"type":"if","locations":[{"start":{"line":284,"column":4},"end":{"line":287,"column":5}},{"start":{},"end":{}}],"line":284},"38":{"loc":{"start":{"line":300,"column":8},"end":{"line":319,"column":9}},"type":"if","locations":[{"start":{"line":300,"column":8},"end":{"line":319,"column":9}},{"start":{"line":313,"column":15},"end":{"line":319,"column":9}}],"line":300},"39":{"loc":{"start":{"line":303,"column":12},"end":{"line":305,"column":13}},"type":"if","locations":[{"start":{"line":303,"column":12},"end":{"line":305,"column":13}},{"start":{},"end":{}}],"line":303},"40":{"loc":{"start":{"line":309,"column":12},"end":{"line":312,"column":13}},"type":"if","locations":[{"start":{"line":309,"column":12},"end":{"line":312,"column":13}},{"start":{},"end":{}}],"line":309},"41":{"loc":{"start":{"line":311,"column":16},"end":{"line":311,"column":74}},"type":"if","locations":[{"start":{"line":311,"column":16},"end":{"line":311,"column":74}},{"start":{},"end":{}}],"line":311},"42":{"loc":{"start":{"line":314,"column":32},"end":{"line":314,"column":70}},"type":"binary-expr","locations":[{"start":{"line":314,"column":32},"end":{"line":314,"column":44}},{"start":{"line":314,"column":48},"end":{"line":314,"column":70}}],"line":314},"43":{"loc":{"start":{"line":315,"column":12},"end":{"line":318,"column":13}},"type":"if","locations":[{"start":{"line":315,"column":12},"end":{"line":318,"column":13}},{"start":{},"end":{}}],"line":315},"44":{"loc":{"start":{"line":323,"column":8},"end":{"line":326,"column":9}},"type":"if","locations":[{"start":{"line":323,"column":8},"end":{"line":326,"column":9}},{"start":{},"end":{}}],"line":323},"45":{"loc":{"start":{"line":337,"column":4},"end":{"line":340,"column":5}},"type":"if","locations":[{"start":{"line":337,"column":4},"end":{"line":340,"column":5}},{"start":{},"end":{}}],"line":337},"46":{"loc":{"start":{"line":337,"column":8},"end":{"line":337,"column":36}},"type":"binary-expr","locations":[{"start":{"line":337,"column":8},"end":{"line":337,"column":20}},{"start":{"line":337,"column":24},"end":{"line":337,"column":36}}],"line":337},"47":{"loc":{"start":{"line":348,"column":4},"end":{"line":353,"column":5}},"type":"if","locations":[{"start":{"line":348,"column":4},"end":{"line":353,"column":5}},{"start":{"line":350,"column":11},"end":{"line":353,"column":5}}],"line":348},"48":{"loc":{"start":{"line":373,"column":61},"end":{"line":373,"column":77}},"type":"default-arg","locations":[{"start":{"line":373,"column":73},"end":{"line":373,"column":77}}],"line":373},"49":{"loc":{"start":{"line":380,"column":4},"end":{"line":385,"column":5}},"type":"if","locations":[{"start":{"line":380,"column":4},"end":{"line":385,"column":5}},{"start":{},"end":{}}],"line":380},"50":{"loc":{"start":{"line":382,"column":39},"end":{"line":384,"column":48}},"type":"cond-expr","locations":[{"start":{"line":383,"column":14},"end":{"line":383,"column":45}},{"start":{"line":384,"column":14},"end":{"line":384,"column":48}}],"line":382},"51":{"loc":{"start":{"line":387,"column":4},"end":{"line":389,"column":5}},"type":"if","locations":[{"start":{"line":387,"column":4},"end":{"line":389,"column":5}},{"start":{},"end":{}}],"line":387},"52":{"loc":{"start":{"line":394,"column":8},"end":{"line":396,"column":9}},"type":"if","locations":[{"start":{"line":394,"column":8},"end":{"line":396,"column":9}},{"start":{},"end":{}}],"line":394},"53":{"loc":{"start":{"line":407,"column":8},"end":{"line":440,"column":9}},"type":"if","locations":[{"start":{"line":407,"column":8},"end":{"line":440,"column":9}},{"start":{"line":437,"column":15},"end":{"line":440,"column":9}}],"line":407},"54":{"loc":{"start":{"line":411,"column":12},"end":{"line":414,"column":13}},"type":"if","locations":[{"start":{"line":411,"column":12},"end":{"line":414,"column":13}},{"start":{},"end":{}}],"line":411},"55":{"loc":{"start":{"line":411,"column":16},"end":{"line":411,"column":127}},"type":"binary-expr","locations":[{"start":{"line":411,"column":16},"end":{"line":411,"column":34}},{"start":{"line":411,"column":38},"end":{"line":411,"column":53}},{"start":{"line":411,"column":57},"end":{"line":411,"column":76}},{"start":{"line":411,"column":80},"end":{"line":411,"column":96}},{"start":{"line":411,"column":100},"end":{"line":411,"column":127}}],"line":411},"56":{"loc":{"start":{"line":417,"column":12},"end":{"line":423,"column":13}},"type":"if","locations":[{"start":{"line":417,"column":12},"end":{"line":423,"column":13}},{"start":{"line":419,"column":19},"end":{"line":423,"column":13}}],"line":417},"57":{"loc":{"start":{"line":427,"column":12},"end":{"line":430,"column":13}},"type":"if","locations":[{"start":{"line":427,"column":12},"end":{"line":430,"column":13}},{"start":{},"end":{}}],"line":427},"58":{"loc":{"start":{"line":433,"column":32},"end":{"line":435,"column":25}},"type":"cond-expr","locations":[{"start":{"line":434,"column":18},"end":{"line":434,"column":54}},{"start":{"line":435,"column":18},"end":{"line":435,"column":25}}],"line":433},"59":{"loc":{"start":{"line":439,"column":32},"end":{"line":439,"column":86}},"type":"binary-expr","locations":[{"start":{"line":439,"column":32},"end":{"line":439,"column":44}},{"start":{"line":439,"column":48},"end":{"line":439,"column":86}}],"line":439},"60":{"loc":{"start":{"line":445,"column":8},"end":{"line":447,"column":9}},"type":"if","locations":[{"start":{"line":445,"column":8},"end":{"line":447,"column":9}},{"start":{},"end":{}}],"line":445},"61":{"loc":{"start":{"line":497,"column":4},"end":{"line":499,"column":5}},"type":"if","locations":[{"start":{"line":497,"column":4},"end":{"line":499,"column":5}},{"start":{},"end":{}}],"line":497},"62":{"loc":{"start":{"line":514,"column":29},"end":{"line":514,"column":69}},"type":"cond-expr","locations":[{"start":{"line":514,"column":45},"end":{"line":514,"column":65}},{"start":{"line":514,"column":68},"end":{"line":514,"column":69}}],"line":514},"63":{"loc":{"start":{"line":515,"column":25},"end":{"line":515,"column":61}},"type":"binary-expr","locations":[{"start":{"line":515,"column":25},"end":{"line":515,"column":47}},{"start":{"line":515,"column":51},"end":{"line":515,"column":61}}],"line":515},"64":{"loc":{"start":{"line":542,"column":8},"end":{"line":544,"column":9}},"type":"if","locations":[{"start":{"line":542,"column":8},"end":{"line":544,"column":9}},{"start":{},"end":{}}],"line":542},"65":{"loc":{"start":{"line":547,"column":8},"end":{"line":550,"column":9}},"type":"if","locations":[{"start":{"line":547,"column":8},"end":{"line":550,"column":9}},{"start":{},"end":{}}],"line":547},"66":{"loc":{"start":{"line":564,"column":0},"end":{"line":578,"column":1}},"type":"if","locations":[{"start":{"line":564,"column":0},"end":{"line":578,"column":1}},{"start":{},"end":{}}],"line":564},"67":{"loc":{"start":{"line":564,"column":4},"end":{"line":564,"column":51}},"type":"binary-expr","locations":[{"start":{"line":564,"column":4},"end":{"line":564,"column":33}},{"start":{"line":564,"column":37},"end":{"line":564,"column":51}}],"line":564}},"s":{"0":0,"1":0,"2":0,"3":0,"4":0,"5":0,"6":0,"7":0,"8":0,"9":0,"10":0,"11":0,"12":0,"13":0,"14":0,"15":0,"16":0,"17":0,"18":0,"19":0,"20":0,"21":0,"22":0,"23":0,"24":0,"25":0,"26":0,"27":0,"28":0,"29":0,"30":0,"31":0,"32":0,"33":0,"34":0,"35":0,"36":0,"37":0,"38":0,"39":0,"40":0,"41":0,"42":0,"43":0,"44":0,"45":0,"46":0,"47":0,"48":0,"49":0,"50":0,"51":0,"52":0,"53":0,"54":0,"55":0,"56":0,"57":0,"58":0,"59":0,"60":0,"61":0,"62":0,"63":0,"64":0,"65":0,"66":0,"67":0,"68":0,"69":0,"70":0,"71":0,"72":0,"73":0,"74":0,"75":0,"76":0,"77":0,"78":0,"79":0,"80":0,"81":0,"82":0,"83":0,"84":0,"85":0,"86":0,"87":0,"88":0,"89":0,"90":0,"91":0,"92":0,"93":0,"94":0,"95":0,"96":0,"97":0,"98":0,"99":0,"100":0,"101":0,"102":0,"103":0,"104":0,"105":0,"106":0,"107":0,"108":0,"109":0,"110":0,"111":0,"112":0,"113":0,"114":0,"115":0,"116":0,"117":0,"118":0,"119":0,"120":0,"121":0,"122":0,"123":0,"124":0,"125":0,"126":0,"127":0,"128":0,"129":0,"130":0,"131":0,"132":0,"133":0,"134":0,"135":0,"136":0,"137":0,"138":0,"139":0,"140":0,"141":0,"142":0,"143":0,"144":0,"145":0,"146":0,"147":0,"148":0,"149":0,"150":0,"151":0,"152":0,"153":0,"154":0,"155":0,"156":0,"157":0,"158":0,"159":0,"160":0,"161":0,"162":0,"163":0,"164":0,"165":0,"166":0,"167":0,"168":0,"169":0,"170":0,"171":0,"172":0,"173":0,"174":0,"175":0,"176":0,"177":0,"178":0,"179":0,"180":0,"181":0,"182":0,"183":0,"184":0,"185":0,"186":0,"187":0,"188":0,"189":0,"190":0,"191":0,"192":0,"193":0,"194":0,"195":0,"196":0,"197":0,"198":0,"199":0,"200":0,"201":0,"202":0,"203":0,"204":0,"205":0,"206":0,"207":0,"208":0,"209":0,"210":0,"211":0,"212":0,"213":0,"214":0,"215":0,"216":0,"217":0,"218":0,"219":0,"220":0,"221":0,"222":0,"223":0,"224":0,"225":0,"226":0,"227":0,"228":0,"229":0,"230":0,"231":0,"232":0},"f":{"0":0,"1":0,"2":0,"3":0,"4":0,"5":0,"6":0,"7":0,"8":0,"9":0,"10":0,"11":0,"12":0,"13":0,"14":0,"15":0,"16":0,"17":0,"18":0,"19":0,"20":0,"21":0,"22":0,"23":0},"b":{"0":[0,0],"1":[0,0],"2":[0,0],"3":[0,0],"4":[0,0],"5":[0,0],"6":[0,0],"7":[0,0],"8":[0,0],"9":[0,0],"10":[0,0],"11":[0,0,0,0],"12":[0,0],"13":[0,0],"14":[0,0],"15":[0,0],"16":[0,0],"17":[0,0],"18":[0,0],"19":[0,0],"20":[0,0],"21":[0,0],"22":[0,0],"23":[0,0],"24":[0,0],"25":[0,0],"26":[0,0],"27":[0,0],"28":[0,0],"29":[0,0],"30":[0,0],"31":[0,0],"32":[0,0],"33":[0,0],"34":[0,0,0,0],"35":[0,0,0,0],"36":[0,0],"37":[0,0],"38":[0,0],"39":[0,0],"40":[0,0],"41":[0,0],"42":[0,0],"43":[0,0],"44":[0,0],"45":[0,0],"46":[0,0],"47":[0,0],"48":[0],"49":[0,0],"50":[0,0],"51":[0,0],"52":[0,0],"53":[0,0],"54":[0,0],"55":[0,0,0,0,0],"56":[0,0],"57":[0,0],"58":[0,0],"59":[0,0],"60":[0,0],"61":[0,0],"62":[0,0],"63":[0,0],"64":[0,0],"65":[0,0],"66":[0,0],"67":[0,0]}}
,"C:\\Users\\cbo\\source\\repos\\speechtotext\\speechtotext\\wwwroot\\js\\transcription-mode-selector.js": {"path":"C:\\Users\\cbo\\source\\repos\\speechtotext\\speechtotext\\wwwroot\\js\\transcription-mode-selector.js","statementMap":{"0":{"start":{"line":2,"column":0},"end":{"line":357,"column":5}},"1":{"start":{"line":3,"column":22},"end":{"line":3,"column":32}},"2":{"start":{"line":4,"column":33},"end":{"line":4,"column":37}},"3":{"start":{"line":6,"column":4},"end":{"line":9,"column":7}},"4":{"start":{"line":7,"column":8},"end":{"line":7,"column":33}},"5":{"start":{"line":8,"column":8},"end":{"line":8,"column":30}},"6":{"start":{"line":12,"column":30},"end":{"line":12,"column":69}},"7":{"start":{"line":13,"column":27},"end":{"line":13,"column":63}},"8":{"start":{"line":15,"column":8},"end":{"line":15,"column":98}},"9":{"start":{"line":15,"column":27},"end":{"line":15,"column":98}},"10":{"start":{"line":15,"column":74},"end":{"line":15,"column":96}},"11":{"start":{"line":16,"column":8},"end":{"line":16,"column":89}},"12":{"start":{"line":16,"column":24},"end":{"line":16,"column":89}},"13":{"start":{"line":16,"column":68},"end":{"line":16,"column":87}},"14":{"start":{"line":19,"column":31},"end":{"line":19,"column":73}},"15":{"start":{"line":20,"column":8},"end":{"line":22,"column":9}},"16":{"start":{"line":21,"column":12},"end":{"line":21,"column":71}},"17":{"start":{"line":25,"column":29},"end":{"line":25,"column":68}},"18":{"start":{"line":26,"column":26},"end":{"line":26,"column":62}},"19":{"start":{"line":28,"column":8},"end":{"line":28,"column":88}},"20":{"start":{"line":28,"column":26},"end":{"line":28,"column":88}},"21":{"start":{"line":29,"column":8},"end":{"line":29,"column":79}},"22":{"start":{"line":29,"column":23},"end":{"line":29,"column":79}},"23":{"start":{"line":32,"column":26},"end":{"line":32,"column":75}},"24":{"start":{"line":33,"column":8},"end":{"line":35,"column":9}},"25":{"start":{"line":34,"column":12},"end":{"line":34,"column":75}},"26":{"start":{"line":39,"column":8},"end":{"line":39,"column":27}},"27":{"start":{"line":40,"column":29},"end":{"line":40,"column":68}},"28":{"start":{"line":41,"column":26},"end":{"line":41,"column":62}},"29":{"start":{"line":42,"column":28},"end":{"line":42,"column":68}},"30":{"start":{"line":44,"column":8},"end":{"line":54,"column":9}},"31":{"start":{"line":45,"column":12},"end":{"line":45,"column":70}},"32":{"start":{"line":45,"column":30},"end":{"line":45,"column":70}},"33":{"start":{"line":46,"column":12},"end":{"line":46,"column":61}},"34":{"start":{"line":46,"column":27},"end":{"line":46,"column":61}},"35":{"start":{"line":48,"column":12},"end":{"line":48,"column":64}},"36":{"start":{"line":48,"column":29},"end":{"line":48,"column":64}},"37":{"start":{"line":50,"column":12},"end":{"line":50,"column":67}},"38":{"start":{"line":50,"column":30},"end":{"line":50,"column":67}},"39":{"start":{"line":51,"column":12},"end":{"line":51,"column":64}},"40":{"start":{"line":51,"column":27},"end":{"line":51,"column":64}},"41":{"start":{"line":53,"column":12},"end":{"line":53,"column":60}},"42":{"start":{"line":53,"column":29},"end":{"line":53,"column":60}},"43":{"start":{"line":56,"column":8},"end":{"line":56,"column":48}},"44":{"start":{"line":60,"column":8},"end":{"line":78,"column":9}},"45":{"start":{"line":62,"column":31},"end":{"line":62,"column":84}},"46":{"start":{"line":63,"column":27},"end":{"line":63,"column":50}},"47":{"start":{"line":64,"column":34},"end":{"line":64,"column":74}},"48":{"start":{"line":65,"column":12},"end":{"line":67,"column":13}},"49":{"start":{"line":66,"column":16},"end":{"line":66,"column":57}},"50":{"start":{"line":70,"column":34},"end":{"line":70,"column":84}},"51":{"start":{"line":71,"column":30},"end":{"line":71,"column":56}},"52":{"start":{"line":72,"column":31},"end":{"line":72,"column":68}},"53":{"start":{"line":73,"column":12},"end":{"line":75,"column":13}},"54":{"start":{"line":74,"column":16},"end":{"line":74,"column":57}},"55":{"start":{"line":77,"column":12},"end":{"line":77,"column":68}},"56":{"start":{"line":82,"column":22},"end":{"line":82,"column":64}},"57":{"start":{"line":83,"column":26},"end":{"line":83,"column":62}},"58":{"start":{"line":85,"column":8},"end":{"line":85,"column":41}},"59":{"start":{"line":85,"column":34},"end":{"line":85,"column":41}},"60":{"start":{"line":87,"column":8},"end":{"line":90,"column":9}},"61":{"start":{"line":88,"column":12},"end":{"line":88,"column":37}},"62":{"start":{"line":89,"column":12},"end":{"line":89,"column":19}},"63":{"start":{"line":92,"column":19},"end":{"line":92,"column":110}},"64":{"start":{"line":93,"column":8},"end":{"line":97,"column":9}},"65":{"start":{"line":93,"column":21},"end":{"line":93,"column":22}},"66":{"start":{"line":94,"column":25},"end":{"line":94,"column":39}},"67":{"start":{"line":95,"column":27},"end":{"line":95,"column":65}},"68":{"start":{"line":96,"column":12},"end":{"line":96,"column":103}},"69":{"start":{"line":98,"column":8},"end":{"line":98,"column":30}},"70":{"start":{"line":99,"column":8},"end":{"line":99,"column":35}},"71":{"start":{"line":103,"column":8},"end":{"line":103,"column":27}},"72":{"start":{"line":105,"column":26},"end":{"line":105,"column":70}},"73":{"start":{"line":106,"column":27},"end":{"line":106,"column":72}},"74":{"start":{"line":107,"column":30},"end":{"line":107,"column":78}},"75":{"start":{"line":108,"column":26},"end":{"line":108,"column":70}},"76":{"start":{"line":110,"column":8},"end":{"line":113,"column":9}},"77":{"start":{"line":111,"column":12},"end":{"line":111,"column":46}},"78":{"start":{"line":112,"column":12},"end":{"line":112,"column":19}},"79":{"start":{"line":116,"column":8},"end":{"line":116,"column":24}},"80":{"start":{"line":117,"column":8},"end":{"line":117,"column":39}},"81":{"start":{"line":120,"column":8},"end":{"line":120,"column":49}},"82":{"start":{"line":120,"column":23},"end":{"line":120,"column":49}},"83":{"start":{"line":121,"column":8},"end":{"line":121,"column":65}},"84":{"start":{"line":121,"column":24},"end":{"line":121,"column":65}},"85":{"start":{"line":122,"column":8},"end":{"line":122,"column":68}},"86":{"start":{"line":122,"column":27},"end":{"line":122,"column":68}},"87":{"start":{"line":125,"column":8},"end":{"line":125,"column":55}},"88":{"start":{"line":127,"column":8},"end":{"line":174,"column":9}},"89":{"start":{"line":128,"column":29},"end":{"line":128,"column":43}},"90":{"start":{"line":129,"column":12},"end":{"line":129,"column":61}},"91":{"start":{"line":131,"column":29},"end":{"line":135,"column":14}},"92":{"start":{"line":137,"column":25},"end":{"line":137,"column":46}},"93":{"start":{"line":140,"column":12},"end":{"line":140,"column":43}},"94":{"start":{"line":142,"column":12},"end":{"line":158,"column":13}},"95":{"start":{"line":143,"column":16},"end":{"line":143,"column":46}},"96":{"start":{"line":146,"column":36},"end":{"line":146,"column":76}},"97":{"start":{"line":147,"column":16},"end":{"line":147,"column":68}},"98":{"start":{"line":147,"column":33},"end":{"line":147,"column":68}},"99":{"start":{"line":150,"column":16},"end":{"line":155,"column":17}},"100":{"start":{"line":151,"column":20},"end":{"line":151,"column":61}},"101":{"start":{"line":153,"column":20},"end":{"line":153,"column":84}},"102":{"start":{"line":154,"column":20},"end":{"line":154,"column":98}},"103":{"start":{"line":157,"column":16},"end":{"line":157,"column":66}},"104":{"start":{"line":160,"column":12},"end":{"line":160,"column":43}},"105":{"start":{"line":162,"column":12},"end":{"line":167,"column":13}},"106":{"start":{"line":163,"column":16},"end":{"line":163,"column":58}},"107":{"start":{"line":165,"column":16},"end":{"line":165,"column":47}},"108":{"start":{"line":166,"column":16},"end":{"line":166,"column":68}},"109":{"start":{"line":170,"column":12},"end":{"line":170,"column":54}},"110":{"start":{"line":170,"column":27},"end":{"line":170,"column":54}},"111":{"start":{"line":171,"column":12},"end":{"line":171,"column":70}},"112":{"start":{"line":171,"column":28},"end":{"line":171,"column":70}},"113":{"start":{"line":172,"column":12},"end":{"line":172,"column":69}},"114":{"start":{"line":172,"column":31},"end":{"line":172,"column":69}},"115":{"start":{"line":173,"column":12},"end":{"line":173,"column":42}},"116":{"start":{"line":178,"column":8},"end":{"line":178,"column":27}},"117":{"start":{"line":180,"column":26},"end":{"line":180,"column":67}},"118":{"start":{"line":181,"column":27},"end":{"line":181,"column":69}},"119":{"start":{"line":182,"column":30},"end":{"line":182,"column":75}},"120":{"start":{"line":183,"column":27},"end":{"line":183,"column":69}},"121":{"start":{"line":184,"column":29},"end":{"line":184,"column":68}},"122":{"start":{"line":186,"column":8},"end":{"line":186,"column":86}},"123":{"start":{"line":188,"column":8},"end":{"line":191,"column":9}},"124":{"start":{"line":189,"column":12},"end":{"line":189,"column":57}},"125":{"start":{"line":190,"column":12},"end":{"line":190,"column":19}},"126":{"start":{"line":194,"column":8},"end":{"line":194,"column":24}},"127":{"start":{"line":197,"column":8},"end":{"line":197,"column":49}},"128":{"start":{"line":197,"column":23},"end":{"line":197,"column":49}},"129":{"start":{"line":198,"column":8},"end":{"line":198,"column":65}},"130":{"start":{"line":198,"column":24},"end":{"line":198,"column":65}},"131":{"start":{"line":199,"column":8},"end":{"line":199,"column":68}},"132":{"start":{"line":199,"column":27},"end":{"line":199,"column":68}},"133":{"start":{"line":201,"column":8},"end":{"line":265,"column":9}},"134":{"start":{"line":202,"column":29},"end":{"line":202,"column":43}},"135":{"start":{"line":205,"column":12},"end":{"line":208,"column":13}},"136":{"start":{"line":205,"column":25},"end":{"line":205,"column":26}},"137":{"start":{"line":206,"column":16},"end":{"line":206,"column":67}},"138":{"start":{"line":207,"column":16},"end":{"line":207,"column":78}},"139":{"start":{"line":211,"column":12},"end":{"line":214,"column":13}},"140":{"start":{"line":212,"column":16},"end":{"line":212,"column":70}},"141":{"start":{"line":213,"column":16},"end":{"line":213,"column":68}},"142":{"start":{"line":216,"column":12},"end":{"line":216,"column":82}},"143":{"start":{"line":218,"column":29},"end":{"line":221,"column":14}},"144":{"start":{"line":223,"column":12},"end":{"line":223,"column":61}},"145":{"start":{"line":224,"column":25},"end":{"line":224,"column":46}},"146":{"start":{"line":225,"column":12},"end":{"line":225,"column":48}},"147":{"start":{"line":227,"column":12},"end":{"line":256,"column":13}},"148":{"start":{"line":228,"column":16},"end":{"line":228,"column":42}},"149":{"start":{"line":230,"column":16},"end":{"line":230,"column":38}},"150":{"start":{"line":231,"column":16},"end":{"line":231,"column":58}},"151":{"start":{"line":231,"column":34},"end":{"line":231,"column":58}},"152":{"start":{"line":232,"column":34},"end":{"line":232,"column":70}},"153":{"start":{"line":233,"column":16},"end":{"line":233,"column":56}},"154":{"start":{"line":233,"column":31},"end":{"line":233,"column":56}},"155":{"start":{"line":236,"column":36},"end":{"line":236,"column":76}},"156":{"start":{"line":237,"column":16},"end":{"line":237,"column":64}},"157":{"start":{"line":237,"column":33},"end":{"line":237,"column":64}},"158":{"start":{"line":240,"column":16},"end":{"line":240,"column":46}},"159":{"start":{"line":243,"column":32},"end":{"line":243,"column":67}},"160":{"start":{"line":244,"column":16},"end":{"line":253,"column":17}},"161":{"start":{"line":246,"column":32},"end":{"line":246,"column":58}},"162":{"start":{"line":247,"column":20},"end":{"line":247,"column":31}},"163":{"start":{"line":250,"column":20},"end":{"line":252,"column":21}},"164":{"start":{"line":251,"column":24},"end":{"line":251,"column":71}},"165":{"start":{"line":251,"column":41},"end":{"line":251,"column":64}},"166":{"start":{"line":255,"column":16},"end":{"line":255,"column":69}},"167":{"start":{"line":258,"column":12},"end":{"line":258,"column":60}},"168":{"start":{"line":259,"column":12},"end":{"line":259,"column":85}},"169":{"start":{"line":262,"column":12},"end":{"line":262,"column":54}},"170":{"start":{"line":262,"column":27},"end":{"line":262,"column":54}},"171":{"start":{"line":263,"column":12},"end":{"line":263,"column":72}},"172":{"start":{"line":263,"column":28},"end":{"line":263,"column":72}},"173":{"start":{"line":264,"column":12},"end":{"line":264,"column":69}},"174":{"start":{"line":264,"column":31},"end":{"line":264,"column":69}},"175":{"start":{"line":269,"column":8},"end":{"line":275,"column":9}},"176":{"start":{"line":270,"column":12},"end":{"line":274,"column":13}},"177":{"start":{"line":271,"column":16},"end":{"line":271,"column":47}},"178":{"start":{"line":272,"column":16},"end":{"line":272,"column":47}},"179":{"start":{"line":273,"column":16},"end":{"line":273,"column":54}},"180":{"start":{"line":280,"column":19},"end":{"line":280,"column":46}},"181":{"start":{"line":281,"column":8},"end":{"line":281,"column":46}},"182":{"start":{"line":281,"column":16},"end":{"line":281,"column":46}},"183":{"start":{"line":285,"column":19},"end":{"line":285,"column":46}},"184":{"start":{"line":286,"column":8},"end":{"line":286,"column":43}},"185":{"start":{"line":286,"column":16},"end":{"line":286,"column":43}},"186":{"start":{"line":290,"column":8},"end":{"line":290,"column":36}},"187":{"start":{"line":291,"column":8},"end":{"line":291,"column":38}},"188":{"start":{"line":292,"column":29},"end":{"line":292,"column":68}},"189":{"start":{"line":293,"column":8},"end":{"line":296,"column":9}},"190":{"start":{"line":294,"column":12},"end":{"line":294,"column":59}},"191":{"start":{"line":295,"column":12},"end":{"line":295,"column":55}},"192":{"start":{"line":300,"column":29},"end":{"line":300,"column":68}},"193":{"start":{"line":301,"column":29},"end":{"line":301,"column":68}},"194":{"start":{"line":302,"column":27},"end":{"line":302,"column":64}},"195":{"start":{"line":304,"column":8},"end":{"line":304,"column":58}},"196":{"start":{"line":304,"column":24},"end":{"line":304,"column":58}},"197":{"start":{"line":305,"column":8},"end":{"line":305,"column":61}},"198":{"start":{"line":305,"column":26},"end":{"line":305,"column":61}},"199":{"start":{"line":306,"column":8},"end":{"line":310,"column":9}},"200":{"start":{"line":307,"column":12},"end":{"line":307,"column":59}},"201":{"start":{"line":308,"column":12},"end":{"line":308,"column":55}},"202":{"start":{"line":309,"column":12},"end":{"line":309,"column":52}},"203":{"start":{"line":314,"column":29},"end":{"line":314,"column":68}},"204":{"start":{"line":315,"column":29},"end":{"line":315,"column":68}},"205":{"start":{"line":316,"column":27},"end":{"line":316,"column":64}},"206":{"start":{"line":318,"column":8},"end":{"line":318,"column":60}},"207":{"start":{"line":318,"column":24},"end":{"line":318,"column":60}},"208":{"start":{"line":319,"column":8},"end":{"line":319,"column":61}},"209":{"start":{"line":319,"column":26},"end":{"line":319,"column":61}},"210":{"start":{"line":320,"column":8},"end":{"line":324,"column":9}},"211":{"start":{"line":321,"column":12},"end":{"line":321,"column":58}},"212":{"start":{"line":322,"column":12},"end":{"line":322,"column":56}},"213":{"start":{"line":323,"column":12},"end":{"line":323,"column":52}},"214":{"start":{"line":328,"column":31},"end":{"line":328,"column":72}},"215":{"start":{"line":329,"column":8},"end":{"line":332,"column":9}},"216":{"start":{"line":330,"column":12},"end":{"line":330,"column":49}},"217":{"start":{"line":331,"column":12},"end":{"line":331,"column":54}},"218":{"start":{"line":336,"column":20},"end":{"line":342,"column":9}},"219":{"start":{"line":343,"column":8},"end":{"line":343,"column":53}},"220":{"start":{"line":343,"column":45},"end":{"line":343,"column":51}},"221":{"start":{"line":347,"column":4},"end":{"line":356,"column":5}},"222":{"start":{"line":348,"column":8},"end":{"line":355,"column":10}}},"fnMap":{"0":{"name":"(anonymous_0)","decl":{"start":{"line":2,"column":1},"end":{"line":2,"column":2}},"loc":{"start":{"line":2,"column":12},"end":{"line":357,"column":1}},"line":2},"1":{"name":"(anonymous_1)","decl":{"start":{"line":6,"column":50},"end":{"line":6,"column":51}},"loc":{"start":{"line":6,"column":61},"end":{"line":9,"column":5}},"line":6},"2":{"name":"initializeModeSelector","decl":{"start":{"line":11,"column":13},"end":{"line":11,"column":35}},"loc":{"start":{"line":11,"column":38},"end":{"line":36,"column":5}},"line":11},"3":{"name":"(anonymous_3)","decl":{"start":{"line":15,"column":68},"end":{"line":15,"column":69}},"loc":{"start":{"line":15,"column":74},"end":{"line":15,"column":96}},"line":15},"4":{"name":"(anonymous_4)","decl":{"start":{"line":16,"column":62},"end":{"line":16,"column":63}},"loc":{"start":{"line":16,"column":68},"end":{"line":16,"column":87}},"line":16},"5":{"name":"switchMode","decl":{"start":{"line":38,"column":13},"end":{"line":38,"column":23}},"loc":{"start":{"line":38,"column":30},"end":{"line":57,"column":5}},"line":38},"6":{"name":"loadValidationRules","decl":{"start":{"line":59,"column":19},"end":{"line":59,"column":38}},"loc":{"start":{"line":59,"column":41},"end":{"line":79,"column":5}},"line":59},"7":{"name":"updateFilesList","decl":{"start":{"line":81,"column":13},"end":{"line":81,"column":28}},"loc":{"start":{"line":81,"column":31},"end":{"line":100,"column":5}},"line":81},"8":{"name":"handleRealTimeSubmit","decl":{"start":{"line":102,"column":19},"end":{"line":102,"column":39}},"loc":{"start":{"line":102,"column":43},"end":{"line":175,"column":5}},"line":102},"9":{"name":"handleBatchSubmit","decl":{"start":{"line":177,"column":19},"end":{"line":177,"column":36}},"loc":{"start":{"line":177,"column":40},"end":{"line":266,"column":5}},"line":177},"10":{"name":"(anonymous_10)","decl":{"start":{"line":251,"column":35},"end":{"line":251,"column":36}},"loc":{"start":{"line":251,"column":41},"end":{"line":251,"column":64}},"line":251},"11":{"name":"handleCancelTranscription","decl":{"start":{"line":268,"column":13},"end":{"line":268,"column":38}},"loc":{"start":{"line":268,"column":41},"end":{"line":276,"column":5}},"line":268},"12":{"name":"showElement","decl":{"start":{"line":279,"column":13},"end":{"line":279,"column":24}},"loc":{"start":{"line":279,"column":29},"end":{"line":282,"column":5}},"line":279},"13":{"name":"hideElement","decl":{"start":{"line":284,"column":13},"end":{"line":284,"column":24}},"loc":{"start":{"line":284,"column":29},"end":{"line":287,"column":5}},"line":284},"14":{"name":"hideAllAlerts","decl":{"start":{"line":289,"column":13},"end":{"line":289,"column":26}},"loc":{"start":{"line":289,"column":29},"end":{"line":297,"column":5}},"line":289},"15":{"name":"showError","decl":{"start":{"line":299,"column":13},"end":{"line":299,"column":22}},"loc":{"start":{"line":299,"column":32},"end":{"line":311,"column":5}},"line":299},"16":{"name":"showWarning","decl":{"start":{"line":313,"column":13},"end":{"line":313,"column":24}},"loc":{"start":{"line":313,"column":34},"end":{"line":325,"column":5}},"line":313},"17":{"name":"showSuccess","decl":{"start":{"line":327,"column":13},"end":{"line":327,"column":24}},"loc":{"start":{"line":327,"column":34},"end":{"line":333,"column":5}},"line":327},"18":{"name":"escapeHtml","decl":{"start":{"line":335,"column":13},"end":{"line":335,"column":23}},"loc":{"start":{"line":335,"column":30},"end":{"line":344,"column":5}},"line":335},"19":{"name":"(anonymous_19)","decl":{"start":{"line":343,"column":40},"end":{"line":343,"column":41}},"loc":{"start":{"line":343,"column":45},"end":{"line":343,"column":51}},"line":343}},"branchMap":{"0":{"loc":{"start":{"line":15,"column":8},"end":{"line":15,"column":98}},"type":"if","locations":[{"start":{"line":15,"column":8},"end":{"line":15,"column":98}},{"start":{},"end":{}}],"line":15},"1":{"loc":{"start":{"line":16,"column":8},"end":{"line":16,"column":89}},"type":"if","locations":[{"start":{"line":16,"column":8},"end":{"line":16,"column":89}},{"start":{},"end":{}}],"line":16},"2":{"loc":{"start":{"line":20,"column":8},"end":{"line":22,"column":9}},"type":"if","locations":[{"start":{"line":20,"column":8},"end":{"line":22,"column":9}},{"start":{},"end":{}}],"line":20},"3":{"loc":{"start":{"line":28,"column":8},"end":{"line":28,"column":88}},"type":"if","locations":[{"start":{"line":28,"column":8},"end":{"line":28,"column":88}},{"start":{},"end":{}}],"line":28},"4":{"loc":{"start":{"line":29,"column":8},"end":{"line":29,"column":79}},"type":"if","locations":[{"start":{"line":29,"column":8},"end":{"line":29,"column":79}},{"start":{},"end":{}}],"line":29},"5":{"loc":{"start":{"line":33,"column":8},"end":{"line":35,"column":9}},"type":"if","locations":[{"start":{"line":33,"column":8},"end":{"line":35,"column":9}},{"start":{},"end":{}}],"line":33},"6":{"loc":{"start":{"line":44,"column":8},"end":{"line":54,"column":9}},"type":"if","locations":[{"start":{"line":44,"column":8},"end":{"line":54,"column":9}},{"start":{"line":49,"column":15},"end":{"line":54,"column":9}}],"line":44},"7":{"loc":{"start":{"line":45,"column":12},"end":{"line":45,"column":70}},"type":"if","locations":[{"start":{"line":45,"column":12},"end":{"line":45,"column":70}},{"start":{},"end":{}}],"line":45},"8":{"loc":{"start":{"line":46,"column":12},"end":{"line":46,"column":61}},"type":"if","locations":[{"start":{"line":46,"column":12},"end":{"line":46,"column":61}},{"start":{},"end":{}}],"line":46},"9":{"loc":{"start":{"line":48,"column":12},"end":{"line":48,"column":64}},"type":"if","locations":[{"start":{"line":48,"column":12},"end":{"line":48,"column":64}},{"start":{},"end":{}}],"line":48},"10":{"loc":{"start":{"line":50,"column":12},"end":{"line":50,"column":67}},"type":"if","locations":[{"start":{"line":50,"column":12},"end":{"line":50,"column":67}},{"start":{},"end":{}}],"line":50},"11":{"loc":{"start":{"line":51,"column":12},"end":{"line":51,"column":64}},"type":"if","locations":[{"start":{"line":51,"column":12},"end":{"line":51,"column":64}},{"start":{},"end":{}}],"line":51},"12":{"loc":{"start":{"line":53,"column":12},"end":{"line":53,"column":60}},"type":"if","locations":[{"start":{"line":53,"column":12},"end":{"line":53,"column":60}},{"start":{},"end":{}}],"line":53},"13":{"loc":{"start":{"line":65,"column":12},"end":{"line":67,"column":13}},"type":"if","locations":[{"start":{"line":65,"column":12},"end":{"line":67,"column":13}},{"start":{},"end":{}}],"line":65},"14":{"loc":{"start":{"line":65,"column":16},"end":{"line":65,"column":47}},"type":"binary-expr","locations":[{"start":{"line":65,"column":16},"end":{"line":65,"column":30}},{"start":{"line":65,"column":34},"end":{"line":65,"column":47}}],"line":65},"15":{"loc":{"start":{"line":73,"column":12},"end":{"line":75,"column":13}},"type":"if","locations":[{"start":{"line":73,"column":12},"end":{"line":75,"column":13}},{"start":{},"end":{}}],"line":73},"16":{"loc":{"start":{"line":73,"column":16},"end":{"line":73,"column":47}},"type":"binary-expr","locations":[{"start":{"line":73,"column":16},"end":{"line":73,"column":33}},{"start":{"line":73,"column":37},"end":{"line":73,"column":47}}],"line":73},"17":{"loc":{"start":{"line":85,"column":8},"end":{"line":85,"column":41}},"type":"if","locations":[{"start":{"line":85,"column":8},"end":{"line":85,"column":41}},{"start":{},"end":{}}],"line":85},"18":{"loc":{"start":{"line":85,"column":12},"end":{"line":85,"column":32}},"type":"binary-expr","locations":[{"start":{"line":85,"column":12},"end":{"line":85,"column":18}},{"start":{"line":85,"column":22},"end":{"line":85,"column":32}}],"line":85},"19":{"loc":{"start":{"line":87,"column":8},"end":{"line":90,"column":9}},"type":"if","locations":[{"start":{"line":87,"column":8},"end":{"line":90,"column":9}},{"start":{},"end":{}}],"line":87},"20":{"loc":{"start":{"line":110,"column":8},"end":{"line":113,"column":9}},"type":"if","locations":[{"start":{"line":110,"column":8},"end":{"line":113,"column":9}},{"start":{},"end":{}}],"line":110},"21":{"loc":{"start":{"line":110,"column":12},"end":{"line":110,"column":49}},"type":"binary-expr","locations":[{"start":{"line":110,"column":12},"end":{"line":110,"column":22}},{"start":{"line":110,"column":26},"end":{"line":110,"column":49}}],"line":110},"22":{"loc":{"start":{"line":120,"column":8},"end":{"line":120,"column":49}},"type":"if","locations":[{"start":{"line":120,"column":8},"end":{"line":120,"column":49}},{"start":{},"end":{}}],"line":120},"23":{"loc":{"start":{"line":121,"column":8},"end":{"line":121,"column":65}},"type":"if","locations":[{"start":{"line":121,"column":8},"end":{"line":121,"column":65}},{"start":{},"end":{}}],"line":121},"24":{"loc":{"start":{"line":122,"column":8},"end":{"line":122,"column":68}},"type":"if","locations":[{"start":{"line":122,"column":8},"end":{"line":122,"column":68}},{"start":{},"end":{}}],"line":122},"25":{"loc":{"start":{"line":142,"column":12},"end":{"line":158,"column":13}},"type":"if","locations":[{"start":{"line":142,"column":12},"end":{"line":158,"column":13}},{"start":{"line":156,"column":19},"end":{"line":158,"column":13}}],"line":142},"26":{"loc":{"start":{"line":147,"column":16},"end":{"line":147,"column":68}},"type":"if","locations":[{"start":{"line":147,"column":16},"end":{"line":147,"column":68}},{"start":{},"end":{}}],"line":147},"27":{"loc":{"start":{"line":150,"column":16},"end":{"line":155,"column":17}},"type":"if","locations":[{"start":{"line":150,"column":16},"end":{"line":155,"column":17}},{"start":{"line":152,"column":23},"end":{"line":155,"column":17}}],"line":150},"28":{"loc":{"start":{"line":157,"column":26},"end":{"line":157,"column":64}},"type":"binary-expr","locations":[{"start":{"line":157,"column":26},"end":{"line":157,"column":38}},{"start":{"line":157,"column":42},"end":{"line":157,"column":64}}],"line":157},"29":{"loc":{"start":{"line":162,"column":12},"end":{"line":167,"column":13}},"type":"if","locations":[{"start":{"line":162,"column":12},"end":{"line":167,"column":13}},{"start":{"line":164,"column":19},"end":{"line":167,"column":13}}],"line":162},"30":{"loc":{"start":{"line":170,"column":12},"end":{"line":170,"column":54}},"type":"if","locations":[{"start":{"line":170,"column":12},"end":{"line":170,"column":54}},{"start":{},"end":{}}],"line":170},"31":{"loc":{"start":{"line":171,"column":12},"end":{"line":171,"column":70}},"type":"if","locations":[{"start":{"line":171,"column":12},"end":{"line":171,"column":70}},{"start":{},"end":{}}],"line":171},"32":{"loc":{"start":{"line":172,"column":12},"end":{"line":172,"column":69}},"type":"if","locations":[{"start":{"line":172,"column":12},"end":{"line":172,"column":69}},{"start":{},"end":{}}],"line":172},"33":{"loc":{"start":{"line":186,"column":54},"end":{"line":186,"column":84}},"type":"binary-expr","locations":[{"start":{"line":186,"column":54},"end":{"line":186,"column":79}},{"start":{"line":186,"column":83},"end":{"line":186,"column":84}}],"line":186},"34":{"loc":{"start":{"line":188,"column":8},"end":{"line":191,"column":9}},"type":"if","locations":[{"start":{"line":188,"column":8},"end":{"line":191,"column":9}},{"start":{},"end":{}}],"line":188},"35":{"loc":{"start":{"line":188,"column":12},"end":{"line":188,"column":51}},"type":"binary-expr","locations":[{"start":{"line":188,"column":12},"end":{"line":188,"column":23}},{"start":{"line":188,"column":27},"end":{"line":188,"column":51}}],"line":188},"36":{"loc":{"start":{"line":197,"column":8},"end":{"line":197,"column":49}},"type":"if","locations":[{"start":{"line":197,"column":8},"end":{"line":197,"column":49}},{"start":{},"end":{}}],"line":197},"37":{"loc":{"start":{"line":198,"column":8},"end":{"line":198,"column":65}},"type":"if","locations":[{"start":{"line":198,"column":8},"end":{"line":198,"column":65}},{"start":{},"end":{}}],"line":198},"38":{"loc":{"start":{"line":199,"column":8},"end":{"line":199,"column":68}},"type":"if","locations":[{"start":{"line":199,"column":8},"end":{"line":199,"column":68}},{"start":{},"end":{}}],"line":199},"39":{"loc":{"start":{"line":211,"column":12},"end":{"line":214,"column":13}},"type":"if","locations":[{"start":{"line":211,"column":12},"end":{"line":214,"column":13}},{"start":{},"end":{}}],"line":211},"40":{"loc":{"start":{"line":211,"column":16},"end":{"line":211,"column":57}},"type":"binary-expr","locations":[{"start":{"line":211,"column":16},"end":{"line":211,"column":28}},{"start":{"line":211,"column":32},"end":{"line":211,"column":57}}],"line":211},"41":{"loc":{"start":{"line":227,"column":12},"end":{"line":256,"column":13}},"type":"if","locations":[{"start":{"line":227,"column":12},"end":{"line":256,"column":13}},{"start":{"line":254,"column":19},"end":{"line":256,"column":13}}],"line":227},"42":{"loc":{"start":{"line":231,"column":16},"end":{"line":231,"column":58}},"type":"if","locations":[{"start":{"line":231,"column":16},"end":{"line":231,"column":58}},{"start":{},"end":{}}],"line":231},"43":{"loc":{"start":{"line":233,"column":16},"end":{"line":233,"column":56}},"type":"if","locations":[{"start":{"line":233,"column":16},"end":{"line":233,"column":56}},{"start":{},"end":{}}],"line":233},"44":{"loc":{"start":{"line":237,"column":16},"end":{"line":237,"column":64}},"type":"if","locations":[{"start":{"line":237,"column":16},"end":{"line":237,"column":64}},{"start":{},"end":{}}],"line":237},"45":{"loc":{"start":{"line":244,"column":16},"end":{"line":253,"column":17}},"type":"if","locations":[{"start":{"line":244,"column":16},"end":{"line":253,"column":17}},{"start":{},"end":{}}],"line":244},"46":{"loc":{"start":{"line":250,"column":20},"end":{"line":252,"column":21}},"type":"if","locations":[{"start":{"line":250,"column":20},"end":{"line":252,"column":21}},{"start":{},"end":{}}],"line":250},"47":{"loc":{"start":{"line":255,"column":26},"end":{"line":255,"column":67}},"type":"binary-expr","locations":[{"start":{"line":255,"column":26},"end":{"line":255,"column":38}},{"start":{"line":255,"column":42},"end":{"line":255,"column":67}}],"line":255},"48":{"loc":{"start":{"line":262,"column":12},"end":{"line":262,"column":54}},"type":"if","locations":[{"start":{"line":262,"column":12},"end":{"line":262,"column":54}},{"start":{},"end":{}}],"line":262},"49":{"loc":{"start":{"line":263,"column":12},"end":{"line":263,"column":72}},"type":"if","locations":[{"start":{"line":263,"column":12},"end":{"line":263,"column":72}},{"start":{},"end":{}}],"line":263},"50":{"loc":{"start":{"line":264,"column":12},"end":{"line":264,"column":69}},"type":"if","locations":[{"start":{"line":264,"column":12},"end":{"line":264,"column":69}},{"start":{},"end":{}}],"line":264},"51":{"loc":{"start":{"line":269,"column":8},"end":{"line":275,"column":9}},"type":"if","locations":[{"start":{"line":269,"column":8},"end":{"line":275,"column":9}},{"start":{},"end":{}}],"line":269},"52":{"loc":{"start":{"line":270,"column":12},"end":{"line":274,"column":13}},"type":"if","locations":[{"start":{"line":270,"column":12},"end":{"line":274,"column":13}},{"start":{},"end":{}}],"line":270},"53":{"loc":{"start":{"line":281,"column":8},"end":{"line":281,"column":46}},"type":"if","locations":[{"start":{"line":281,"column":8},"end":{"line":281,"column":46}},{"start":{},"end":{}}],"line":281},"54":{"loc":{"start":{"line":286,"column":8},"end":{"line":286,"column":43}},"type":"if","locations":[{"start":{"line":286,"column":8},"end":{"line":286,"column":43}},{"start":{},"end":{}}],"line":286},"55":{"loc":{"start":{"line":293,"column":8},"end":{"line":296,"column":9}},"type":"if","locations":[{"start":{"line":293,"column":8},"end":{"line":296,"column":9}},{"start":{},"end":{}}],"line":293},"56":{"loc":{"start":{"line":304,"column":8},"end":{"line":304,"column":58}},"type":"if","locations":[{"start":{"line":304,"column":8},"end":{"line":304,"column":58}},{"start":{},"end":{}}],"line":304},"57":{"loc":{"start":{"line":305,"column":8},"end":{"line":305,"column":61}},"type":"if","locations":[{"start":{"line":305,"column":8},"end":{"line":305,"column":61}},{"start":{},"end":{}}],"line":305},"58":{"loc":{"start":{"line":306,"column":8},"end":{"line":310,"column":9}},"type":"if","locations":[{"start":{"line":306,"column":8},"end":{"line":310,"column":9}},{"start":{},"end":{}}],"line":306},"59":{"loc":{"start":{"line":318,"column":8},"end":{"line":318,"column":60}},"type":"if","locations":[{"start":{"line":318,"column":8},"end":{"line":318,"column":60}},{"start":{},"end":{}}],"line":318},"60":{"loc":{"start":{"line":319,"column":8},"end":{"line":319,"column":61}},"type":"if","locations":[{"start":{"line":319,"column":8},"end":{"line":319,"column":61}},{"start":{},"end":{}}],"line":319},"61":{"loc":{"start":{"line":320,"column":8},"end":{"line":324,"column":9}},"type":"if","locations":[{"start":{"line":320,"column":8},"end":{"line":324,"column":9}},{"start":{},"end":{}}],"line":320},"62":{"loc":{"start":{"line":329,"column":8},"end":{"line":332,"column":9}},"type":"if","locations":[{"start":{"line":329,"column":8},"end":{"line":332,"column":9}},{"start":{},"end":{}}],"line":329},"63":{"loc":{"start":{"line":347,"column":4},"end":{"line":356,"column":5}},"type":"if","locations":[{"start":{"line":347,"column":4},"end":{"line":356,"column":5}},{"start":{},"end":{}}],"line":347},"64":{"loc":{"start":{"line":347,"column":8},"end":{"line":347,"column":55}},"type":"binary-expr","locations":[{"start":{"line":347,"column":8},"end":{"line":347,"column":37}},{"start":{"line":347,"column":41},"end":{"line":347,"column":55}}],"line":347}},"s":{"0":0,"1":0,"2":0,"3":0,"4":0,"5":0,"6":0,"7":0,"8":0,"9":0,"10":0,"11":0,"12":0,"13":0,"14":0,"15":0,"16":0,"17":0,"18":0,"19":0,"20":0,"21":0,"22":0,"23":0,"24":0,"25":0,"26":0,"27":0,"28":0,"29":0,"30":0,"31":0,"32":0,"33":0,"34":0,"35":0,"36":0,"37":0,"38":0,"39":0,"40":0,"41":0,"42":0,"43":0,"44":0,"45":0,"46":0,"47":0,"48":0,"49":0,"50":0,"51":0,"52":0,"53":0,"54":0,"55":0,"56":0,"57":0,"58":0,"59":0,"60":0,"61":0,"62":0,"63":0,"64":0,"65":0,"66":0,"67":0,"68":0,"69":0,"70":0,"71":0,"72":0,"73":0,"74":0,"75":0,"76":0,"77":0,"78":0,"79":0,"80":0,"81":0,"82":0,"83":0,"84":0,"85":0,"86":0,"87":0,"88":0,"89":0,"90":0,"91":0,"92":0,"93":0,"94":0,"95":0,"96":0,"97":0,"98":0,"99":0,"100":0,"101":0,"102":0,"103":0,"104":0,"105":0,"106":0,"107":0,"108":0,"109":0,"110":0,"111":0,"112":0,"113":0,"114":0,"115":0,"116":0,"117":0,"118":0,"119":0,"120":0,"121":0,"122":0,"123":0,"124":0,"125":0,"126":0,"127":0,"128":0,"129":0,"130":0,"131":0,"132":0,"133":0,"134":0,"135":0,"136":0,"137":0,"138":0,"139":0,"140":0,"141":0,"142":0,"143":0,"144":0,"145":0,"146":0,"147":0,"148":0,"149":0,"150":0,"151":0,"152":0,"153":0,"154":0,"155":0,"156":0,"157":0,"158":0,"159":0,"160":0,"161":0,"162":0,"163":0,"164":0,"165":0,"166":0,"167":0,"168":0,"169":0,"170":0,"171":0,"172":0,"173":0,"174":0,"175":0,"176":0,"177":0,"178":0,"179":0,"180":0,"181":0,"182":0,"183":0,"184":0,"185":0,"186":0,"187":0,"188":0,"189":0,"190":0,"191":0,"192":0,"193":0,"194":0,"195":0,"196":0,"197":0,"198":0,"199":0,"200":0,"201":0,"202":0,"203":0,"204":0,"205":0,"206":0,"207":0,"208":0,"209":0,"210":0,"211":0,"212":0,"213":0,"214":0,"215":0,"216":0,"217":0,"218":0,"219":0,"220":0,"221":0,"222":0},"f":{"0":0,"1":0,"2":0,"3":0,"4":0,"5":0,"6":0,"7":0,"8":0,"9":0,"10":0,"11":0,"12":0,"13":0,"14":0,"15":0,"16":0,"17":0,"18":0,"19":0},"b":{"0":[0,0],"1":[0,0],"2":[0,0],"3":[0,0],"4":[0,0],"5":[0,0],"6":[0,0],"7":[0,0],"8":[0,0],"9":[0,0],"10":[0,0],"11":[0,0],"12":[0,0],"13":[0,0],"14":[0,0],"15":[0,0],"16":[0,0],"17":[0,0],"18":[0,0],"19":[0,0],"20":[0,0],"21":[0,0],"22":[0,0],"23":[0,0],"24":[0,0],"25":[0,0],"26":[0,0],"27":[0,0],"28":[0,0],"29":[0,0],"30":[0,0],"31":[0,0],"32":[0,0],"33":[0,0],"34":[0,0],"35":[0,0],"36":[0,0],"37":[0,0],"38":[0,0],"39":[0,0],"40":[0,0],"41":[0,0],"42":[0,0],"43":[0,0],"44":[0,0],"45":[0,0],"46":[0,0],"47":[0,0],"48":[0,0],"49":[0,0],"50":[0,0],"51":[0,0],"52":[0,0],"53":[0,0],"54":[0,0],"55":[0,0],"56":[0,0],"57":[0,0],"58":[0,0],"59":[0,0],"60":[0,0],"61":[0,0],"62":[0,0],"63":[0,0],"64":[0,0]}}
,"C:\\Users\\cbo\\source\\repos\\speechtotext\\speechtotext\\wwwroot\\js\\transcription.js": {"path":"C:\\Users\\cbo\\source\\repos\\speechtotext\\speechtotext\\wwwroot\\js\\transcription.js","statementMap":{"0":{"start":{"line":2,"column":24},"end":{"line":2,"column":28}},"1":{"start":{"line":3,"column":23},"end":{"line":3,"column":27}},"2":{"start":{"line":4,"column":18},"end":{"line":4,"column":22}},"3":{"start":{"line":5,"column":24},"end":{"line":5,"column":29}},"4":{"start":{"line":6,"column":24},"end":{"line":6,"column":33}},"5":{"start":{"line":7,"column":19},"end":{"line":7,"column":23}},"6":{"start":{"line":8,"column":20},"end":{"line":8,"column":24}},"7":{"start":{"line":9,"column":29},"end":{"line":9,"column":33}},"8":{"start":{"line":10,"column":29},"end":{"line":10,"column":33}},"9":{"start":{"line":11,"column":15},"end":{"line":11,"column":17}},"10":{"start":{"line":14,"column":0},"end":{"line":18,"column":3}},"11":{"start":{"line":15,"column":4},"end":{"line":15,"column":80}},"12":{"start":{"line":16,"column":4},"end":{"line":16,"column":82}},"13":{"start":{"line":17,"column":4},"end":{"line":17,"column":33}},"14":{"start":{"line":22,"column":30},"end":{"line":22,"column":74}},"15":{"start":{"line":23,"column":4},"end":{"line":25,"column":5}},"16":{"start":{"line":24,"column":8},"end":{"line":24,"column":74}},"17":{"start":{"line":27,"column":31},"end":{"line":27,"column":76}},"18":{"start":{"line":28,"column":4},"end":{"line":30,"column":5}},"19":{"start":{"line":29,"column":8},"end":{"line":29,"column":76}},"20":{"start":{"line":32,"column":26},"end":{"line":32,"column":66}},"21":{"start":{"line":33,"column":4},"end":{"line":35,"column":5}},"22":{"start":{"line":34,"column":8},"end":{"line":34,"column":66}},"23":{"start":{"line":37,"column":27},"end":{"line":37,"column":68}},"24":{"start":{"line":38,"column":4},"end":{"line":40,"column":5}},"25":{"start":{"line":39,"column":8},"end":{"line":39,"column":79}},"26":{"start":{"line":42,"column":36},"end":{"line":42,"column":86}},"27":{"start":{"line":43,"column":4},"end":{"line":45,"column":5}},"28":{"start":{"line":44,"column":8},"end":{"line":44,"column":86}},"29":{"start":{"line":47,"column":32},"end":{"line":47,"column":78}},"30":{"start":{"line":48,"column":4},"end":{"line":50,"column":5}},"31":{"start":{"line":49,"column":8},"end":{"line":49,"column":78}},"32":{"start":{"line":52,"column":36},"end":{"line":52,"column":86}},"33":{"start":{"line":53,"column":4},"end":{"line":55,"column":5}},"34":{"start":{"line":54,"column":8},"end":{"line":54,"column":86}},"35":{"start":{"line":57,"column":32},"end":{"line":57,"column":78}},"36":{"start":{"line":58,"column":4},"end":{"line":60,"column":5}},"37":{"start":{"line":59,"column":8},"end":{"line":59,"column":78}},"38":{"start":{"line":62,"column":35},"end":{"line":62,"column":84}},"39":{"start":{"line":63,"column":4},"end":{"line":65,"column":5}},"40":{"start":{"line":64,"column":8},"end":{"line":64,"column":84}},"41":{"start":{"line":67,"column":4},"end":{"line":67,"column":64}},"42":{"start":{"line":72,"column":4},"end":{"line":72,"column":42}},"43":{"start":{"line":76,"column":0},"end":{"line":76,"column":65}},"44":{"start":{"line":80,"column":4},"end":{"line":80,"column":34}},"45":{"start":{"line":81,"column":4},"end":{"line":81,"column":31}},"46":{"start":{"line":82,"column":4},"end":{"line":82,"column":51}},"47":{"start":{"line":83,"column":4},"end":{"line":83,"column":30}},"48":{"start":{"line":84,"column":4},"end":{"line":84,"column":18}},"49":{"start":{"line":86,"column":4},"end":{"line":86,"column":33}},"50":{"start":{"line":88,"column":4},"end":{"line":90,"column":5}},"51":{"start":{"line":89,"column":8},"end":{"line":89,"column":46}},"52":{"start":{"line":92,"column":4},"end":{"line":92,"column":27}},"53":{"start":{"line":97,"column":4},"end":{"line":97,"column":30}},"54":{"start":{"line":100,"column":4},"end":{"line":111,"column":5}},"55":{"start":{"line":101,"column":8},"end":{"line":103,"column":11}},"56":{"start":{"line":102,"column":12},"end":{"line":102,"column":43}},"57":{"start":{"line":106,"column":8},"end":{"line":110,"column":11}},"58":{"start":{"line":107,"column":12},"end":{"line":109,"column":13}},"59":{"start":{"line":108,"column":16},"end":{"line":108,"column":55}},"60":{"start":{"line":114,"column":4},"end":{"line":114,"column":33}},"61":{"start":{"line":120,"column":21},"end":{"line":120,"column":97}},"62":{"start":{"line":121,"column":4},"end":{"line":123,"column":15}},"63":{"start":{"line":122,"column":8},"end":{"line":122,"column":104}},"64":{"start":{"line":128,"column":4},"end":{"line":128,"column":57}},"65":{"start":{"line":129,"col
[...]
"loc":{"start":{"line":634,"column":31},"end":{"line":639,"column":1}},"line":634},"58":{"name":"handleCancelTranscription","decl":{"start":{"line":642,"column":9},"end":{"line":642,"column":34}},"loc":{"start":{"line":642,"column":37},"end":{"line":651,"column":1}},"line":642}},"branchMap":{"0":{"loc":{"start":{"line":23,"column":4},"end":{"line":25,"column":5}},"type":"if","locations":[{"start":{"line":23,"column":4},"end":{"line":25,"column":5}},{"start":{},"end":{}}],"line":23},"1":{"loc":{"start":{"line":28,"column":4},"end":{"line":30,"column":5}},"type":"if","locations":[{"start":{"line":28,"column":4},"end":{"line":30,"column":5}},{"start":{},"end":{}}],"line":28},"2":{"loc":{"start":{"line":33,"column":4},"end":{"line":35,"column":5}},"type":"if","locations":[{"start":{"line":33,"column":4},"end":{"line":35,"column":5}},{"start":{},"end":{}}],"line":33},"3":{"loc":{"start":{"line":38,"column":4},"end":{"line":40,"column":5}},"type":"if","locations":[{"start":{"line":38,"column":4},"end":{"line":40,"column":5}},{"start":{},"end":{}}],"line":38},"4":{"loc":{"start":{"line":43,"column":4},"end":{"line":45,"column":5}},"type":"if","locations":[{"start":{"line":43,"column":4},"end":{"line":45,"column":5}},{"start":{},"end":{}}],"line":43},"5":{"loc":{"start":{"line":48,"column":4},"end":{"line":50,"column":5}},"type":"if","locations":[{"start":{"line":48,"column":4},"end":{"line":50,"column":5}},{"start":{},"end":{}}],"line":48},"6":{"loc":{"start":{"line":53,"column":4},"end":{"line":55,"column":5}},"type":"if","locations":[{"start":{"line":53,"column":4},"end":{"line":55,"column":5}},{"start":{},"end":{}}],"line":53},"7":{"loc":{"start":{"line":58,"column":4},"end":{"line":60,"column":5}},"type":"if","locations":[{"start":{"line":58,"column":4},"end":{"line":60,"column":5}},{"start":{},"end":{}}],"line":58},"8":{"loc":{"start":{"line":63,"column":4},"end":{"line":65,"column":5}},"type":"if","locations":[{"start":{"line":63,"column":4},"end":{"line":65,"column":5}},{"start":{},"end":{}}],"line":63},"9":{"loc":{"start":{"line":88,"column":4},"end":{"line":90,"column":5}},"type":"if","locations":[{"start":{"line":88,"column":4},"end":{"line":90,"column":5}},{"start":{},"end":{}}],"line":88},"10":{"loc":{"start":{"line":100,"column":4},"end":{"line":111,"column":5}},"type":"if","locations":[{"start":{"line":100,"column":4},"end":{"line":111,"column":5}},{"start":{"line":104,"column":11},"end":{"line":111,"column":5}}],"line":100},"11":{"loc":{"start":{"line":100,"column":8},"end":{"line":100,"column":93}},"type":"binary-expr","locations":[{"start":{"line":100,"column":8},"end":{"line":100,"column":43}},{"start":{"line":100,"column":47},"end":{"line":100,"column":93}}],"line":100},"12":{"loc":{"start":{"line":107,"column":12},"end":{"line":109,"column":13}},"type":"if","locations":[{"start":{"line":107,"column":12},"end":{"line":109,"column":13}},{"start":{},"end":{}}],"line":107},"13":{"loc":{"start":{"line":107,"column":16},"end":{"line":107,"column":57}},"type":"binary-expr","locations":[{"start":{"line":107,"column":16},"end":{"line":107,"column":31}},{"start":{"line":107,"column":35},"end":{"line":107,"column":57}}],"line":107},"14":{"loc":{"start":{"line":120,"column":21},"end":{"line":120,"column":97}},"type":"binary-expr","locations":[{"start":{"line":120,"column":21},"end":{"line":120,"column":57}},{"start":{"line":120,"column":61},"end":{"line":120,"column":97}}],"line":120},"15":{"loc":{"start":{"line":122,"column":38},"end":{"line":122,"column":82}},"type":"cond-expr","locations":[{"start":{"line":122,"column":67},"end":{"line":122,"column":77}},{"start":{"line":122,"column":80},"end":{"line":122,"column":82}}],"line":122},"16":{"loc":{"start":{"line":136,"column":4},"end":{"line":136,"column":66}},"type":"if","locations":[{"start":{"line":136,"column":4},"end":{"line":136,"column":66}},{"start":{},"end":{}}],"line":136},"17":{"loc":{"start":{"line":136,"column":8},"end":{"line":136,"column":57}},"type":"binary-expr","locations":[{"start":{"line":136,"column":8},"end":{"line":136,"column":26}},{"start":{"line":136,"column":30},"end":{"line":136,"column":57}}],"line":136},"18":{"loc":{"start":{"line":142,"column":8},"end":{"line":142,"column":36}},"type":"if","locations":[{"start":{"line":142,"column":8},"end":{"line":142,"column":36}},{"start":{},"end":{}}],"line":142},"19":{"loc":{"start":{"line":144,"column":8},"end":{"line":149,"column":9}},"type":"if","locations":[{"start":{"line":144,"column":8},"end":{"line":149,"column":9}},{"start":{"line":147,"column":15},"end":{"line":149,"column":9}}],"line":144},"20":{"loc":{"start":{"line":144,"column":12},"end":{"line":144,"column":95}},"type":"binary-expr","locations":[{"start":{"line":144,"column":12},"end":{"line":144,"column":53}},{"start":{"line":144,"column":57},"end":{"line":144,"column":95}}],"line":144},"21":{"loc":{"start":{"line":159,"column":32},"end":{"line":159,"column":74}},"type":"binary-expr","locations":[{"start":{"line":159,"column":32},"end":{"line":159,"column":55}},{"start":{"line":159,"column":59},"end":{"line":159,"column":74}}],"line":159},"22":{"loc":{"start":{"line":161,"column":8},"end":{"line":163,"column":9}},"type":"if","locations":[{"start":{"line":161,"column":8},"end":{"line":163,"column":9}},{"start":{},"end":{}}],"line":161},"23":{"loc":{"start":{"line":177,"column":4},"end":{"line":188,"column":5}},"type":"if","locations":[{"start":{"line":177,"column":4},"end":{"line":188,"column":5}},{"start":{"line":186,"column":11},"end":{"line":188,"column":5}}],"line":177},"24":{"loc":{"start":{"line":177,"column":8},"end":{"line":177,"column":53}},"type":"binary-expr","locations":[{"start":{"line":177,"column":8},"end":{"line":177,"column":23}},{"start":{"line":177,"column":27},"end":{"line":177,"column":53}}],"line":177},"25":{"loc":{"start":{"line":190,"column":60},"end":{"line":190,"column":111}},"type":"binary-expr","locations":[{"start":{"line":190,"column":60},"end":{"line":190,"column":81}},{"start":{"line":190,"column":85},"end":{"line":190,"column":111}}],"line":190},"26":{"loc":{"start":{"line":195,"column":28},"end":{"line":195,"column":70}},"type":"binary-expr","locations":[{"start":{"line":195,"column":28},"end":{"line":195,"column":51}},{"start":{"line":195,"column":55},"end":{"line":195,"column":70}}],"line":195},"27":{"loc":{"start":{"line":196,"column":24},"end":{"line":196,"column":45}},"type":"binary-expr","locations":[{"start":{"line":196,"column":24},"end":{"line":196,"column":39}},{"start":{"line":196,"column":43},"end":{"line":196,"column":45}}],"line":196},"28":{"loc":{"start":{"line":197,"column":24},"end":{"line":197,"column":42}},"type":"binary-expr","locations":[{"start":{"line":197,"column":24},"end":{"line":197,"column":36}},{"start":{"line":197,"column":40},"end":{"line":197,"column":42}}],"line":197},"29":{"loc":{"start":{"line":198,"column":25},"end":{"line":198,"column":61}},"type":"binary-expr","locations":[{"start":{"line":198,"column":25},"end":{"line":198,"column":45}},{"start":{"line":198,"column":49},"end":{"line":198,"column":61}}],"line":198},"30":{"loc":{"start":{"line":199,"column":22},"end":{"line":199,"column":131}},"type":"binary-expr","locations":[{"start":{"line":199,"column":22},"end":{"line":199,"column":50}},{"start":{"line":199,"column":54},"end":{"line":199,"column":125}},{"start":{"line":199,"column":129},"end":{"line":199,"column":131}}],"line":199},"31":{"loc":{"start":{"line":200,"column":23},"end":{"line":200,"column":56}},"type":"binary-expr","locations":[{"start":{"line":200,"column":23},"end":{"line":200,"column":41}},{"start":{"line":200,"column":46},"end":{"line":200,"column":55}}],"line":200},"32":{"loc":{"start":{"line":203,"column":27},"end":{"line":203,"column":130}},"type":"cond-expr","locations":[{"start":{"line":203,"column":69},"end":{"line":203,"column":94}},{"start":{"line":203,"column":98},"end":{"line":203,"column":129}}],"line":203},"33":{"loc":{"start":{"line":204,"column":24},"end":{"line":204,"column":118}},"type":"cond-expr","locations":[{"start":{"line":204,"column":63},"end":{"line":204,"column":85}},{"start":{"line":204,"column":89},"end":{"line":204,"column":117}}],"line":204},"34":{"loc":{"start":{"line":207,"column":33},"end":{"line":207,"column":98}},"type":"cond-expr","locations":[{"start":{"line":207,"column":50},"end":{"line":207,"column":93}},{"start":{"line":207,"column":96},"end":{"line":207,"column":98}}],"line":207},"35":{"loc":{"start":{"line":208,"column":30},"end":{"line":208,"column":86}},"type":"cond-expr","locations":[{"start":{"line":208,"column":44},"end":{"line":208,"column":81}},{"start":{"line":208,"column":84},"end":{"line":208,"column":86}}],"line":208},"36":{"loc":{"start":{"line":294,"column":12},"end":{"line":296,"column":13}},"type":"if","locations":[{"start":{"line":294,"column":12},"end":{"line":296,"column":13}},{"start":{},"end":{}}],"line":294},"37":{"loc":{"start":{"line":298,"column":12},"end":{"line":303,"column":13}},"type":"if","locations":[{"start":{"line":298,"column":12},"end":{"line":303,"column":13}},{"start":{},"end":{}}],"line":298},"38":{"loc":{"start":{"line":298,"column":16},"end":{"line":298,"column":38}},"type":"binary-expr","locations":[{"start":{"line":298,"column":16},"end":{"line":298,"column":27}},{"start":{"line":298,"column":31},"end":{"line":298,"column":38}}],"line":298},"39":{"loc":{"start":{"line":300,"column":16},"end":{"line":302,"column":17}},"type":"if","locations":[{"start":{"line":300,"column":16},"end":{"line":302,"column":17}},{"start":{},"end":{}}],"line":300},"40":{"loc":{"start":{"line":321,"column":4},"end":{"line":336,"column":5}},"type":"if","locations":[{"start":{"line":321,"column":4},"end":{"line":336,"column":5}},{"start":{"line":327,"column":11},"end":{"line":336,"column":5}}],"line":321},"41":{"loc":{"start":{"line":321,"column":8},"end":{"line":321,"column":93}},"type":"binary-expr","locations":[{"start":{"line":321,"column":8},"end":{"line":321,"column":43}},{"start":{"line":321,"column":47},"end":{"line":321,"column":93}}],"line":321},"42":{"loc":{"start":{"line":331,"column":12},"end":{"line":334,"column":13}},"type":"if","locations":[{"start":{"line":331,"column":12},"end":{"line":334,"column":13}},{"start":{},"end":{}}],"line":331},"43":{"loc":{"start":{"line":331,"column":16},"end":{"line":331,"column":57}},"type":"binary-expr","locations":[{"start":{"line":331,"column":16},"end":{"line":331,"column":31}},{"start":{"line":331,"column":35},"end":{"line":331,"column":57}}],"line":331},"44":{"loc":{"start":{"line":332,"column":30},"end":{"line":332,"column":69}},"type":"binary-expr","locations":[{"start":{"line":332,"column":30},"end":{"line":332,"column":64}},{"start":{"line":332,"column":68},"end":{"line":332,"column":69}}],"line":332},"45":{"loc":{"start":{"line":340,"column":8},"end":{"line":342,"column":9}},"type":"if","locations":[{"start":{"line":340,"column":8},"end":{"line":342,"column":9}},{"start":{},"end":{}}],"line":340},"46":{"loc":{"start":{"line":355,"column":123},"end":{"line":355,"column":159}},"type":"cond-expr","locations":[{"start":{"line":355,"column":144},"end":{"line":355,"column":154}},{"start":{"line":355,"column":157},"end":{"line":355,"column":159}}],"line":355},"47":{"loc":{"start":{"line":355,"column":170},"end":{"line":355,"column":248}},"type":"cond-expr","locations":[{"start":{"line":355,"column":191},"end":{"line":355,"column":216}},{"start":{"line":355,"column":219},"end":{"line":355,"column":248}}],"line":355},"48":{"loc":{"start":{"line":358,"column":120},"end":{"line":358,"column":154}},"type":"cond-expr","locations":[{"start":{"line":358,"column":139},"end":{"line":358,"column":149}},{"start":{"line":358,"column":152},"end":{"line":358,"column":154}}],"line":358},"49":{"loc":{"start":{"line":358,"column":165},"end":{"line":358,"column":240}},"type":"cond-expr","locations":[{"start":{"line":358,"column":184},"end":{"line":358,"column":221}},{"start":{"line":358,"column":224},"end":{"line":358,"column":240}}],"line":358},"50":{"loc":{"start":{"line":387,"column":4},"end":{"line":393,"column":5}},"type":"if","locations":[{"start":{"line":387,"column":4},"end":{"line":393,"column":5}},{"start":{"line":390,"column":11},"end":{"line":393,"column":5}}],"line":387},"51":{"loc":{"start":{"line":387,"column":8},"end":{"line":387,"column":93}},"type":"binary-expr","locations":[{"start":{"line":387,"column":8},"end":{"line":387,"column":43}},{"start":{"line":387,"column":47},"end":{"line":387,"column":93}}],"line":387},"52":{"loc":{"start":{"line":389,"column":23},"end":{"line":389,"column":65}},"type":"cond-expr","locations":[{"start":{"line":389,"column":37},"end":{"line":389,"column":61}},{"start":{"line":389,"column":64},"end":{"line":389,"column":65}}],"line":389},"53":{"loc":{"start":{"line":403,"column":4},"end":{"line":406,"column":5}},"type":"if","locations":[{"start":{"line":403,"column":4},"end":{"line":406,"column":5}},{"start":{},"end":{}}],"line":403},"54":{"loc":{"start":{"line":422,"column":4},"end":{"line":425,"column":5}},"type":"if","locations":[{"start":{"line":422,"column":4},"end":{"line":425,"column":5}},{"start":{},"end":{}}],"line":422},"55":{"loc":{"start":{"line":428,"column":4},"end":{"line":431,"column":5}},"type":"if","locations":[{"start":{"line":428,"column":4},"end":{"line":431,"column":5}},{"start":{},"end":{}}],"line":428},"56":{"loc":{"start":{"line":440,"column":8},"end":{"line":444,"column":9}},"type":"if","locations":[{"start":{"line":440,"column":8},"end":{"line":444,"column":9}},{"start":{},"end":{}}],"line":440},"57":{"loc":{"start":{"line":501,"column":4},"end":{"line":507,"column":5}},"type":"if","locations":[{"start":{"line":501,"column":4},"end":{"line":507,"column":5}},{"start":{"line":504,"column":11},"end":{"line":507,"column":5}}],"line":501},"58":{"loc":{"start":{"line":501,"column":8},"end":{"line":501,"column":93}},"type":"binary-expr","locations":[{"start":{"line":501,"column":8},"end":{"line":501,"column":43}},{"start":{"line":501,"column":47},"end":{"line":501,"column":93}}],"line":501},"59":{"loc":{"start":{"line":503,"column":23},"end":{"line":503,"column":65}},"type":"cond-expr","locations":[{"start":{"line":503,"column":37},"end":{"line":503,"column":61}},{"start":{"line":503,"column":64},"end":{"line":503,"column":65}}],"line":503},"60":{"loc":{"start":{"line":509,"column":4},"end":{"line":512,"column":5}},"type":"if","locations":[{"start":{"line":509,"column":4},"end":{"line":512,"column":5}},{"start":{},"end":{}}],"line":509},"61":{"loc":{"start":{"line":514,"column":4},"end":{"line":524,"column":5}},"type":"if","locations":[{"start":{"line":514,"column":4},"end":{"line":524,"column":5}},{"start":{},"end":{}}],"line":514},"62":{"loc":{"start":{"line":532,"column":4},"end":{"line":535,"column":5}},"type":"if","locations":[{"start":{"line":532,"column":4},"end":{"line":535,"column":5}},{"start":{},"end":{}}],"line":532},"63":{"loc":{"start":{"line":538,"column":4},"end":{"line":541,"column":5}},"type":"if","locations":[{"start":{"line":538,"column":4},"end":{"line":541,"column":5}},{"start":{},"end":{}}],"line":538},"64":{"loc":{"start":{"line":538,"column":8},"end":{"line":538,"column":60}},"type":"binary-expr","locations":[{"start":{"line":538,"column":8},"end":{"line":538,"column":32}},{"start":{"line":538,"column":36},"end":{"line":538,"column":60}}],"line":538},"65":{"loc":{"start":{"line":550,"column":4},"end":{"line":553,"column":5}},"type":"if","locations":[{"start":{"line":550,"column":4},"end":{"line":553,"column":5}},{"start":{},"end":{}}],"line":550},"66":{"loc":{"start":{"line":556,"column":4},"end":{"line":559,"column":5}},"type":"if","locations":[{"start":{"line":556,"column":4},"end":{"line":559,"column":5}},{"start":{},"end":{}}],"line":556},"67":{"loc":{"start":{"line":635,"column":4},"end":{"line":638,"column":5}},"type":"if","locations":[{"start":{"line":635,"column":4},"end":{"line":638,"column":5}},{"start":{},"end":{}}],"line":635},"68":{"loc":{"start":{"line":643,"column":4},"end":{"line":650,"column":5}},"type":"if","locations":[{"start":{"line":643,"column":4},"end":{"line":650,"column":5}},{"start":{},"end":{}}],"line":643},"69":{"loc":{"start":{"line":644,"column":8},"end":{"line":649,"column":9}},"type":"if","locations":[{"start":{"line":644,"column":8},"end":{"line":649,"column":9}},{"start":{},"end":{}}],"line":644}},"s":{"0":0,"1":0,"2":0,"3":0,"4":0,"5":0,"6":0,"7":0,"8":0,"9":0,"10":0,"11":0,"12":0,"13":0,"14":0,"15":0,"16":0,"17":0,"18":0,"19":0,"20":0,"21":0,"22":0,"23":0,"24":0,"25":0,"26":0,"27":0,"28":0,"29":0,"30":0,"31":0,"32":0,"33":0,"34":0,"35":0,"36":0,"37":0,"38":0,"39":0,"40":0,"41":0,"42":0,"43":0,"44":0,"45":0,"46":0,"47":0,"48":0,"49":0,"50":0,"51":0,"52":0,"53":0,"54":0,"55":0,"56":0,"57":0,"58":0,"59":0,"60":0,"61":0,"62":0,"63":0,"64":0,"65":0,"66":0,"67":0,"68":0,"69":0,"70":0,"71":0,"72":0,"73":0,"74":0,"75":0,"76":0,"77":0,"78":0,"79":0,"80":0,"81":0,"82":0,"83":0,"84":0,"85":0,"86":0,"87":0,"88":0,"89":0,"90":0,"91":0,"92":0,"93":0,"94":0,"95":0,"96":0,"97":0,"98":0,"99":0,"100":0,"101":0,"102":0,"103":0,"104":0,"105":0,"106":0,"107":0,"108":0,"109":0,"110":0,"111":0,"112":0,"113":0,"114":0,"115":0,"116":0,"117":0,"118":0,"119":0,"120":0,"121":0,"122":0,"123":0,"124":0,"125":0,"126":0,"127":0,"128":0,"129":0,"130":0,"131":0,"132":0,"133":0,"134":0,"135":0,"136":0,"137":0,"138":0,"139":0,"140":0,"141":0,"142":0,"143":0,"144":0,"145":0,"146":0,"147":0,"148":0,"149":0,"150":0,"151":0,"152":0,"153":0,"154":0,"155":0,"156":0,"157":0,"158":0,"159":0,"160":0,"161":0,"162":0,"163":0,"164":0,"165":0,"166":0,"167":0,"168":0,"169":0,"170":0,"171":0,"172":0,"173":0,"174":0,"175":0,"176":0,"177":0,"178":0,"179":0,"180":0,"181":0,"182":0,"183":0,"184":0,"185":0,"186":0,"187":0,"188":0,"189":0,"190":0,"191":0,"192":0,"193":0,"194":0,"195":0,"196":0,"197":0,"198":0,"199":0,"200":0,"201":0,"202":0,"203":0,"204":0,"205":0,"206":0,"207":0,"208":0,"209":0,"210":0,"211":0,"212":0,"213":0,"214":0,"215":0,"216":0,"217":0,"218":0,"219":0,"220":0,"221":0,"222":0,"223":0,"224":0,"225":0,"226":0,"227":0,"228":0,"229":0,"230":0,"231":0,"232":0,"233":0,"234":0,"235":0,"236":0,"237":0,"238":0,"239":0,"240":0,"241":0,"242":0,"243":0,"244":0,"245":0,"246":0,"247":0,"248":0,"249":0,"250":0,"251":0,"252":0,"253":0,"254":0,"255":0,"256":0,"257":0,"258":0,"259":0,"260":0,"261":0,"262":0,"263":0,"264":0,"265":0,"266":0,"267":0,"268":0,"269":0,"270":0,"271":0,"272":0,"273":0,"274":0,"275":0,"276":0,"277":0,"278":0,"279":0,"280":0,"281":0,"282":0,"283":0,"284":0,"285":0,"286":0,"287":0,"288":0,"289":0,"290":0,"291":0,"292":0,"293":0,"294":0,"295":0,"296":0,"297":0,"298":0,"299":0,"300":0,"301":0,"302":0,"303":0,"304":0,"305":0,"306":0,"307":0,"308":0,"309":0,"310":0,"311":0,"312":0,"313":0,"314":0},"f":{"0":0,"1":0,"2":0,"3":0,"4":0,"5":0,"6":0,"7":0,"8":0,"9":0,"10":0,"11":0,"12":0,"13":0,"14":0,"15":0,"16":0,"17":0,"18":0,"19":0,"20":0,"21":0,"22":0,"23":0,"24":0,"25":0,"26":0,"27":0,"28":0,"29":0,"30":0,"31":0,"32":0,"33":0,"34":0,"35":0,"36":0,"37":0,"38":0,"39":0,"40":0,"41":0,"42":0,"43":0,"44":0,"45":0,"46":0,"47":0,"48":0,"49":0,"50":0,"51":0,"52":0,"53":0,"54":0,"55":0,"56":0,"57":0,"58":0},"b":{"0":[0,0],"1":[0,0],"2":[0,0],"3":[0,0],"4":[0,0],"5":[0,0],"6":[0,0],"7":[0,0],"8":[0,0],"9":[0,0],"10":[0,0],"11":[0,0],"12":[0,0],"13":[0,0],"14":[0,0],"15":[0,0],"16":[0,0],"17":[0,0],"18":[0,0],"19":[0,0],"20":[0,0],"21":[0,0],"22":[0,0],"23":[0,0],"24":[0,0],"25":[0,0],"26":[0,0],"27":[0,0],"28":[0,0],"29":[0,0],"30":[0,0,0],"31":[0,0],"32":[0,0],"33":[0,0],"34":[0,0],"35":[0,0],"36":[0,0],"37":[0,0],"38":[0,0],"39":[0,0],"40":[0,0],"41":[0,0],"42":[0,0],"43":[0,0],"44":[0,0],"45":[0,0],"46":[0,0],"47":[0,0],"48":[0,0],"49":[0,0],"50":[0,0],"51":[0,0],"52":[0,0],"53":[0,0],"54":[0,0],"55":[0,0],"56":[0,0],"57":[0,0],"58":[0,0],"59":[0,0],"60":[0,0],"61":[0,0],"62":[0,0],"63":[0,0],"64":[0,0],"65":[0,0],"66":[0,0],"67":[0,0],"68":[0,0],"69":[0,0]}}
}
